2017-07-04 13:58:52,394 [Worker-8] INFO  o.e.m.c.i.e.AbstractTransferListenerAdapter - Downloading https://repo.maven.apache.org/maven2/org/springframework/boot/spring-boot-starter-parent/1.4.2.RELEASE/spring-boot-starter-parent-1.4.2.RELEASE.pom
2017-07-04 13:58:52,549 [Worker-8] INFO  o.e.m.c.i.e.AbstractTransferListenerAdapter - Downloaded https://repo.maven.apache.org/maven2/org/springframework/boot/spring-boot-starter-parent/1.4.2.RELEASE/spring-boot-starter-parent-1.4.2.RELEASE.pom
2017-07-04 13:58:52,673 [Worker-8] INFO  o.e.m.c.i.e.AbstractTransferListenerAdapter - Downloading https://repo.maven.apache.org/maven2/org/springframework/boot/spring-boot-dependencies/1.4.2.RELEASE/spring-boot-dependencies-1.4.2.RELEASE.pom
2017-07-04 13:58:52,972 [Worker-8] INFO  o.e.m.c.i.e.AbstractTransferListenerAdapter - Downloaded https://repo.maven.apache.org/maven2/org/springframework/boot/spring-boot-dependencies/1.4.2.RELEASE/spring-boot-dependencies-1.4.2.RELEASE.pom
2017-07-04 13:58:53,460 [Worker-8] INFO  o.e.m.c.i.e.AbstractTransferListenerAdapter - Downloading https://repo.maven.apache.org/maven2/org/springframework/spring-framework-bom/4.3.4.RELEASE/spring-framework-bom-4.3.4.RELEASE.pom
2017-07-04 13:58:53,957 [Worker-8] INFO  o.e.m.c.i.e.AbstractTransferListenerAdapter - Downloaded https://repo.maven.apache.org/maven2/org/springframework/spring-framework-bom/4.3.4.RELEASE/spring-framework-bom-4.3.4.RELEASE.pom
2017-07-04 13:58:54,630 [Worker-8] INFO  o.e.m.c.i.e.AbstractTransferListenerAdapter - Downloading https://repo.maven.apache.org/maven2/org/springframework/data/spring-data-releasetrain/Hopper-SR5/spring-data-releasetrain-Hopper-SR5.pom
2017-07-04 13:58:54,744 [Worker-8] INFO  o.e.m.c.i.e.AbstractTransferListenerAdapter - Downloaded https://repo.maven.apache.org/maven2/org/springframework/data/spring-data-releasetrain/Hopper-SR5/spring-data-releasetrain-Hopper-SR5.pom
2017-07-04 13:58:54,857 [Worker-8] INFO  o.e.m.c.i.e.AbstractTransferListenerAdapter - Downloading https://repo.maven.apache.org/maven2/org/springframework/data/build/spring-data-build/1.8.5.RELEASE/spring-data-build-1.8.5.RELEASE.pom
2017-07-04 13:58:55,017 [Worker-8] INFO  o.e.m.c.i.e.AbstractTransferListenerAdapter - Downloaded https://repo.maven.apache.org/maven2/org/springframework/data/build/spring-data-build/1.8.5.RELEASE/spring-data-build-1.8.5.RELEASE.pom
2017-07-04 13:58:55,176 [Worker-8] INFO  o.e.m.c.i.e.AbstractTransferListenerAdapter - Downloading https://repo.maven.apache.org/maven2/org/springframework/integration/spring-integration-bom/4.3.5.RELEASE/spring-integration-bom-4.3.5.RELEASE.pom
2017-07-04 13:58:55,264 [Worker-8] INFO  o.e.m.c.i.e.AbstractTransferListenerAdapter - Downloaded https://repo.maven.apache.org/maven2/org/springframework/integration/spring-integration-bom/4.3.5.RELEASE/spring-integration-bom-4.3.5.RELEASE.pom
2017-07-04 13:58:55,370 [Worker-8] INFO  o.e.m.c.i.e.AbstractTransferListenerAdapter - Downloading https://repo.maven.apache.org/maven2/org/springframework/security/spring-security-bom/4.1.3.RELEASE/spring-security-bom-4.1.3.RELEASE.pom
2017-07-04 13:58:55,454 [Worker-8] INFO  o.e.m.c.i.e.AbstractTransferListenerAdapter - Downloaded https://repo.maven.apache.org/maven2/org/springframework/security/spring-security-bom/4.1.3.RELEASE/spring-security-bom-4.1.3.RELEASE.pom
2017-07-04 13:58:57,583 [Worker-8] INFO  o.e.m.c.i.e.AbstractTransferListenerAdapter - Downloading https://repo.maven.apache.org/maven2/org/springframework/boot/spring-boot-maven-plugin/1.4.2.RELEASE/spring-boot-maven-plugin-1.4.2.RELEASE.pom
2017-07-04 13:58:57,666 [Worker-8] INFO  o.e.m.c.i.e.AbstractTransferListenerAdapter - Downloaded https://repo.maven.apache.org/maven2/org/springframework/boot/spring-boot-maven-plugin/1.4.2.RELEASE/spring-boot-maven-plugin-1.4.2.RELEASE.pom
2017-07-04 13:58:57,781 [Worker-8] INFO  o.e.m.c.i.e.AbstractTransferListenerAdapter - Downloading https://repo.maven.apache.org/maven2/org/springframework/boot/spring-boot-tools/1.4.2.RELEASE/spring-boot-tools-1.4.2.RELEASE.pom
2017-07-04 13:58:57,863 [Worker-8] INFO  o.e.m.c.i.e.AbstractTransferListenerAdapter - Downloaded https://repo.maven.apache.org/maven2/org/springframework/boot/spring-boot-tools/1.4.2.RELEASE/spring-boot-tools-1.4.2.RELEASE.pom
2017-07-04 13:58:57,957 [Worker-8] INFO  o.e.m.c.i.e.AbstractTransferListenerAdapter - Downloading https://repo.maven.apache.org/maven2/org/springframework/boot/spring-boot-parent/1.4.2.RELEASE/spring-boot-parent-1.4.2.RELEASE.pom
2017-07-04 13:58:58,084 [Worker-8] INFO  o.e.m.c.i.e.AbstractTransferListenerAdapter - Downloaded https://repo.maven.apache.org/maven2/org/springframework/boot/spring-boot-parent/1.4.2.RELEASE/spring-boot-parent-1.4.2.RELEASE.pom
2017-07-04 13:58:58,404 [Worker-8] INFO  o.e.m.c.i.e.AbstractTransferListenerAdapter - Downloading https://repo.maven.apache.org/maven2/org/springframework/boot/spring-boot-maven-plugin/1.4.2.RELEASE/spring-boot-maven-plugin-1.4.2.RELEASE.jar
2017-07-04 13:58:58,541 [Worker-8] INFO  o.e.m.c.i.e.AbstractTransferListenerAdapter - Downloaded https://repo.maven.apache.org/maven2/org/springframework/boot/spring-boot-maven-plugin/1.4.2.RELEASE/spring-boot-maven-plugin-1.4.2.RELEASE.jar
2017-07-04 13:59:00,335 [Worker-8] INFO  o.e.m.c.i.e.AbstractTransferListenerAdapter - Downloading https://repo.maven.apache.org/maven2/org/apache/maven/plugins/maven-resources-plugin/3.0.1/maven-resources-plugin-3.0.1.jar
2017-07-04 13:59:01,108 [Worker-8] INFO  o.e.m.c.i.e.AbstractTransferListenerAdapter - Downloaded https://repo.maven.apache.org/maven2/org/apache/maven/plugins/maven-resources-plugin/3.0.1/maven-resources-plugin-3.0.1.jar
2017-07-04 13:59:04,826 [Worker-8] INFO  o.e.m.c.i.l.LifecycleMappingFactory - Using org.eclipse.m2e.jdt.JarLifecycleMapping lifecycle mapping for MavenProject: com.pugnascotia:cra-demo:0.0.1-SNAPSHOT @ C:\Users\Official\Downloads\spring-cra-demo-master\pom.xml.
2017-07-04 13:59:05,106 [Worker-8] INFO  o.e.m.c.i.e.AbstractTransferListenerAdapter - Downloading https://repo.maven.apache.org/maven2/org/springframework/boot/spring-boot-starter-web/1.4.2.RELEASE/spring-boot-starter-web-1.4.2.RELEASE.pom
2017-07-04 13:59:05,215 [Worker-8] INFO  o.e.m.c.i.e.AbstractTransferListenerAdapter - Downloaded https://repo.maven.apache.org/maven2/org/springframework/boot/spring-boot-starter-web/1.4.2.RELEASE/spring-boot-starter-web-1.4.2.RELEASE.pom
2017-07-04 13:59:05,341 [Worker-8] INFO  o.e.m.c.i.e.AbstractTransferListenerAdapter - Downloading https://repo.maven.apache.org/maven2/org/springframework/boot/spring-boot-starters/1.4.2.RELEASE/spring-boot-starters-1.4.2.RELEASE.pom
2017-07-04 13:59:05,496 [Worker-8] INFO  o.e.m.c.i.e.AbstractTransferListenerAdapter - Downloaded https://repo.maven.apache.org/maven2/org/springframework/boot/spring-boot-starters/1.4.2.RELEASE/spring-boot-starters-1.4.2.RELEASE.pom
2017-07-04 13:59:05,654 [Worker-8] INFO  o.e.m.c.i.e.AbstractTransferListenerAdapter - Downloading https://repo.maven.apache.org/maven2/org/springframework/boot/spring-boot-starter/1.4.2.RELEASE/spring-boot-starter-1.4.2.RELEASE.pom
2017-07-04 13:59:05,982 [Worker-8] INFO  o.e.m.c.i.e.AbstractTransferListenerAdapter - Downloaded https://repo.maven.apache.org/maven2/org/springframework/boot/spring-boot-starter/1.4.2.RELEASE/spring-boot-starter-1.4.2.RELEASE.pom
2017-07-04 13:59:06,148 [Worker-8] INFO  o.e.m.c.i.e.AbstractTransferListenerAdapter - Downloading https://repo.maven.apache.org/maven2/org/springframework/boot/spring-boot/1.4.2.RELEASE/spring-boot-1.4.2.RELEASE.pom
2017-07-04 13:59:06,281 [Worker-8] INFO  o.e.m.c.i.e.AbstractTransferListenerAdapter - Downloaded https://repo.maven.apache.org/maven2/org/springframework/boot/spring-boot/1.4.2.RELEASE/spring-boot-1.4.2.RELEASE.pom
2017-07-04 13:59:06,434 [Worker-8] INFO  o.e.m.c.i.e.AbstractTransferListenerAdapter - Downloading https://repo.maven.apache.org/maven2/org/springframework/spring-core/4.3.4.RELEASE/spring-core-4.3.4.RELEASE.pom
2017-07-04 13:59:06,574 [Worker-8] INFO  o.e.m.c.i.e.AbstractTransferListenerAdapter - Downloaded https://repo.maven.apache.org/maven2/org/springframework/spring-core/4.3.4.RELEASE/spring-core-4.3.4.RELEASE.pom
2017-07-04 13:59:06,699 [Worker-8] INFO  o.e.m.c.i.e.AbstractTransferListenerAdapter - Downloading https://repo.maven.apache.org/maven2/org/springframework/spring-context/4.3.4.RELEASE/spring-context-4.3.4.RELEASE.pom
2017-07-04 13:59:06,809 [Worker-8] INFO  o.e.m.c.i.e.AbstractTransferListenerAdapter - Downloaded https://repo.maven.apache.org/maven2/org/springframework/spring-context/4.3.4.RELEASE/spring-context-4.3.4.RELEASE.pom
2017-07-04 13:59:06,925 [Worker-8] INFO  o.e.m.c.i.e.AbstractTransferListenerAdapter - Downloading https://repo.maven.apache.org/maven2/org/springframework/spring-aop/4.3.4.RELEASE/spring-aop-4.3.4.RELEASE.pom
2017-07-04 13:59:07,044 [Worker-8] INFO  o.e.m.c.i.e.AbstractTransferListenerAdapter - Downloaded https://repo.maven.apache.org/maven2/org/springframework/spring-aop/4.3.4.RELEASE/spring-aop-4.3.4.RELEASE.pom
2017-07-04 13:59:07,157 [Worker-8] INFO  o.e.m.c.i.e.AbstractTransferListenerAdapter - Downloading https://repo.maven.apache.org/maven2/org/springframework/spring-beans/4.3.4.RELEASE/spring-beans-4.3.4.RELEASE.pom
2017-07-04 13:59:07,254 [Worker-8] INFO  o.e.m.c.i.e.AbstractTransferListenerAdapter - Downloaded https://repo.maven.apache.org/maven2/org/springframework/spring-beans/4.3.4.RELEASE/spring-beans-4.3.4.RELEASE.pom
2017-07-04 13:59:07,362 [Worker-8] INFO  o.e.m.c.i.e.AbstractTransferListenerAdapter - Downloading https://repo.maven.apache.org/maven2/org/springframework/spring-expression/4.3.4.RELEASE/spring-expression-4.3.4.RELEASE.pom
2017-07-04 13:59:07,471 [Worker-8] INFO  o.e.m.c.i.e.AbstractTransferListenerAdapter - Downloaded https://repo.maven.apache.org/maven2/org/springframework/spring-expression/4.3.4.RELEASE/spring-expression-4.3.4.RELEASE.pom
2017-07-04 13:59:07,571 [Worker-8] INFO  o.e.m.c.i.e.AbstractTransferListenerAdapter - Downloading https://repo.maven.apache.org/maven2/org/springframework/boot/spring-boot-autoconfigure/1.4.2.RELEASE/spring-boot-autoconfigure-1.4.2.RELEASE.pom
2017-07-04 13:59:07,682 [Worker-8] INFO  o.e.m.c.i.e.AbstractTransferListenerAdapter - Downloaded https://repo.maven.apache.org/maven2/org/springframework/boot/spring-boot-autoconfigure/1.4.2.RELEASE/spring-boot-autoconfigure-1.4.2.RELEASE.pom
2017-07-04 13:59:07,991 [Worker-8] INFO  o.e.m.c.i.e.AbstractTransferListenerAdapter - Downloading https://repo.maven.apache.org/maven2/org/springframework/boot/spring-boot-starter-logging/1.4.2.RELEASE/spring-boot-starter-logging-1.4.2.RELEASE.pom
2017-07-04 13:59:08,173 [Worker-8] INFO  o.e.m.c.i.e.AbstractTransferListenerAdapter - Downloaded https://repo.maven.apache.org/maven2/org/springframework/boot/spring-boot-starter-logging/1.4.2.RELEASE/spring-boot-starter-logging-1.4.2.RELEASE.pom
2017-07-04 13:59:08,835 [Worker-8] INFO  o.e.m.c.i.e.AbstractTransferListenerAdapter - Downloading https://repo.maven.apache.org/maven2/org/springframework/boot/spring-boot-starter-tomcat/1.4.2.RELEASE/spring-boot-starter-tomcat-1.4.2.RELEASE.pom
2017-07-04 13:59:08,952 [Worker-8] INFO  o.e.m.c.i.e.AbstractTransferListenerAdapter - Downloaded https://repo.maven.apache.org/maven2/org/springframework/boot/spring-boot-starter-tomcat/1.4.2.RELEASE/spring-boot-starter-tomcat-1.4.2.RELEASE.pom
2017-07-04 13:59:09,271 [Worker-8] INFO  o.e.m.c.i.e.AbstractTransferListenerAdapter - Downloading https://repo.maven.apache.org/maven2/org/apache/tomcat/embed/tomcat-embed-core/8.5.6/tomcat-embed-core-8.5.6.pom
2017-07-04 13:59:09,397 [Worker-8] INFO  o.e.m.c.i.e.AbstractTransferListenerAdapter - Downloaded https://repo.maven.apache.org/maven2/org/apache/tomcat/embed/tomcat-embed-core/8.5.6/tomcat-embed-core-8.5.6.pom
2017-07-04 13:59:09,519 [Worker-8] INFO  o.e.m.c.i.e.AbstractTransferListenerAdapter - Downloading https://repo.maven.apache.org/maven2/org/apache/tomcat/embed/tomcat-embed-el/8.5.6/tomcat-embed-el-8.5.6.pom
2017-07-04 13:59:09,614 [Worker-8] INFO  o.e.m.c.i.e.AbstractTransferListenerAdapter - Downloaded https://repo.maven.apache.org/maven2/org/apache/tomcat/embed/tomcat-embed-el/8.5.6/tomcat-embed-el-8.5.6.pom
2017-07-04 13:59:09,719 [Worker-8] INFO  o.e.m.c.i.e.AbstractTransferListenerAdapter - Downloading https://repo.maven.apache.org/maven2/org/apache/tomcat/embed/tomcat-embed-websocket/8.5.6/tomcat-embed-websocket-8.5.6.pom
2017-07-04 13:59:09,830 [Worker-8] INFO  o.e.m.c.i.e.AbstractTransferListenerAdapter - Downloaded https://repo.maven.apache.org/maven2/org/apache/tomcat/embed/tomcat-embed-websocket/8.5.6/tomcat-embed-websocket-8.5.6.pom
2017-07-04 13:59:10,458 [Worker-8] INFO  o.e.m.c.i.e.AbstractTransferListenerAdapter - Downloading https://repo.maven.apache.org/maven2/com/fasterxml/jackson/core/jackson-databind/2.8.4/jackson-databind-2.8.4.pom
2017-07-04 13:59:10,630 [Worker-8] INFO  o.e.m.c.i.e.AbstractTransferListenerAdapter - Downloaded https://repo.maven.apache.org/maven2/com/fasterxml/jackson/core/jackson-databind/2.8.4/jackson-databind-2.8.4.pom
2017-07-04 13:59:10,762 [Worker-8] INFO  o.e.m.c.i.e.AbstractTransferListenerAdapter - Downloading https://repo.maven.apache.org/maven2/com/fasterxml/jackson/core/jackson-annotations/2.8.4/jackson-annotations-2.8.4.pom
2017-07-04 13:59:10,873 [Worker-8] INFO  o.e.m.c.i.e.AbstractTransferListenerAdapter - Downloaded https://repo.maven.apache.org/maven2/com/fasterxml/jackson/core/jackson-annotations/2.8.4/jackson-annotations-2.8.4.pom
2017-07-04 13:59:10,970 [Worker-8] INFO  o.e.m.c.i.e.AbstractTransferListenerAdapter - Downloading https://repo.maven.apache.org/maven2/com/fasterxml/jackson/core/jackson-core/2.8.4/jackson-core-2.8.4.pom
2017-07-04 13:59:11,086 [Worker-8] INFO  o.e.m.c.i.e.AbstractTransferListenerAdapter - Downloaded https://repo.maven.apache.org/maven2/com/fasterxml/jackson/core/jackson-core/2.8.4/jackson-core-2.8.4.pom
2017-07-04 13:59:11,194 [Worker-8] INFO  o.e.m.c.i.e.AbstractTransferListenerAdapter - Downloading https://repo.maven.apache.org/maven2/org/springframework/spring-web/4.3.4.RELEASE/spring-web-4.3.4.RELEASE.pom
2017-07-04 13:59:11,302 [Worker-8] INFO  o.e.m.c.i.e.AbstractTransferListenerAdapter - Downloaded https://repo.maven.apache.org/maven2/org/springframework/spring-web/4.3.4.RELEASE/spring-web-4.3.4.RELEASE.pom
2017-07-04 13:59:11,410 [Worker-8] INFO  o.e.m.c.i.e.AbstractTransferListenerAdapter - Downloading https://repo.maven.apache.org/maven2/org/springframework/spring-webmvc/4.3.4.RELEASE/spring-webmvc-4.3.4.RELEASE.pom
2017-07-04 13:59:11,518 [Worker-8] INFO  o.e.m.c.i.e.AbstractTransferListenerAdapter - Downloaded https://repo.maven.apache.org/maven2/org/springframework/spring-webmvc/4.3.4.RELEASE/spring-webmvc-4.3.4.RELEASE.pom
2017-07-04 13:59:11,612 [Worker-8] INFO  o.e.m.c.i.e.AbstractTransferListenerAdapter - Downloading https://repo.maven.apache.org/maven2/org/springframework/boot/spring-boot-starter-test/1.4.2.RELEASE/spring-boot-starter-test-1.4.2.RELEASE.pom
2017-07-04 13:59:11,714 [Worker-8] INFO  o.e.m.c.i.e.AbstractTransferListenerAdapter - Downloaded https://repo.maven.apache.org/maven2/org/springframework/boot/spring-boot-starter-test/1.4.2.RELEASE/spring-boot-starter-test-1.4.2.RELEASE.pom
2017-07-04 13:59:11,893 [Worker-8] INFO  o.e.m.c.i.e.AbstractTransferListenerAdapter - Downloading https://repo.maven.apache.org/maven2/org/springframework/boot/spring-boot-test/1.4.2.RELEASE/spring-boot-test-1.4.2.RELEASE.pom
2017-07-04 13:59:12,029 [Worker-8] INFO  o.e.m.c.i.e.AbstractTransferListenerAdapter - Downloaded https://repo.maven.apache.org/maven2/org/springframework/boot/spring-boot-test/1.4.2.RELEASE/spring-boot-test-1.4.2.RELEASE.pom
2017-07-04 13:59:12,184 [Worker-8] INFO  o.e.m.c.i.e.AbstractTransferListenerAdapter - Downloading https://repo.maven.apache.org/maven2/org/springframework/boot/spring-boot-test-autoconfigure/1.4.2.RELEASE/spring-boot-test-autoconfigure-1.4.2.RELEASE.pom
2017-07-04 13:59:12,292 [Worker-8] INFO  o.e.m.c.i.e.AbstractTransferListenerAdapter - Downloaded https://repo.maven.apache.org/maven2/org/springframework/boot/spring-boot-test-autoconfigure/1.4.2.RELEASE/spring-boot-test-autoconfigure-1.4.2.RELEASE.pom
2017-07-04 13:59:12,701 [Worker-8] INFO  o.e.m.c.i.e.AbstractTransferListenerAdapter - Downloading https://repo.maven.apache.org/maven2/org/assertj/assertj-core/2.5.0/assertj-core-2.5.0.pom
2017-07-04 13:59:12,846 [Worker-8] INFO  o.e.m.c.i.e.AbstractTransferListenerAdapter - Downloaded https://repo.maven.apache.org/maven2/org/assertj/assertj-core/2.5.0/assertj-core-2.5.0.pom
2017-07-04 13:59:13,117 [Worker-8] INFO  o.e.m.c.i.e.AbstractTransferListenerAdapter - Downloading https://repo.maven.apache.org/maven2/org/skyscreamer/jsonassert/1.3.0/jsonassert-1.3.0.pom
2017-07-04 13:59:13,268 [Worker-8] INFO  o.e.m.c.i.e.AbstractTransferListenerAdapter - Downloaded https://repo.maven.apache.org/maven2/org/skyscreamer/jsonassert/1.3.0/jsonassert-1.3.0.pom
2017-07-04 13:59:13,436 [Worker-8] INFO  o.e.m.c.i.e.AbstractTransferListenerAdapter - Downloading https://repo.maven.apache.org/maven2/org/springframework/spring-test/4.3.4.RELEASE/spring-test-4.3.4.RELEASE.pom
2017-07-04 13:59:13,539 [Worker-8] INFO  o.e.m.c.i.e.AbstractTransferListenerAdapter - Downloaded https://repo.maven.apache.org/maven2/org/springframework/spring-test/4.3.4.RELEASE/spring-test-4.3.4.RELEASE.pom
2017-07-04 13:59:13,875 [Worker-8] INFO  o.e.m.c.i.e.AbstractTransferListenerAdapter - Downloading https://repo.maven.apache.org/maven2/org/springframework/boot/spring-boot-starter-web/1.4.2.RELEASE/spring-boot-starter-web-1.4.2.RELEASE.jar
2017-07-04 13:59:14,042 [Worker-8] INFO  o.e.m.c.i.e.AbstractTransferListenerAdapter - Downloaded https://repo.maven.apache.org/maven2/org/springframework/boot/spring-boot-starter-web/1.4.2.RELEASE/spring-boot-starter-web-1.4.2.RELEASE.jar
2017-07-04 13:59:14,075 [Worker-8] INFO  o.e.m.c.i.e.AbstractTransferListenerAdapter - Downloading https://repo.maven.apache.org/maven2/org/springframework/boot/spring-boot-starter/1.4.2.RELEASE/spring-boot-starter-1.4.2.RELEASE.jar
2017-07-04 13:59:14,238 [Worker-8] INFO  o.e.m.c.i.e.AbstractTransferListenerAdapter - Downloaded https://repo.maven.apache.org/maven2/org/springframework/boot/spring-boot-starter/1.4.2.RELEASE/spring-boot-starter-1.4.2.RELEASE.jar
2017-07-04 13:59:14,273 [Worker-8] INFO  o.e.m.c.i.e.AbstractTransferListenerAdapter - Downloading https://repo.maven.apache.org/maven2/org/springframework/boot/spring-boot/1.4.2.RELEASE/spring-boot-1.4.2.RELEASE.jar
2017-07-04 13:59:14,705 [Worker-8] INFO  o.e.m.c.i.e.AbstractTransferListenerAdapter - Downloaded https://repo.maven.apache.org/maven2/org/springframework/boot/spring-boot/1.4.2.RELEASE/spring-boot-1.4.2.RELEASE.jar
2017-07-04 13:59:14,745 [Worker-8] INFO  o.e.m.c.i.e.AbstractTransferListenerAdapter - Downloading https://repo.maven.apache.org/maven2/org/springframework/boot/spring-boot-autoconfigure/1.4.2.RELEASE/spring-boot-autoconfigure-1.4.2.RELEASE.jar
2017-07-04 13:59:15,125 [Worker-8] INFO  o.e.m.c.i.e.AbstractTransferListenerAdapter - Downloaded https://repo.maven.apache.org/maven2/org/springframework/boot/spring-boot-autoconfigure/1.4.2.RELEASE/spring-boot-autoconfigure-1.4.2.RELEASE.jar
2017-07-04 13:59:15,158 [Worker-8] INFO  o.e.m.c.i.e.AbstractTransferListenerAdapter - Downloading https://repo.maven.apache.org/maven2/org/springframework/boot/spring-boot-starter-logging/1.4.2.RELEASE/spring-boot-starter-logging-1.4.2.RELEASE.jar
2017-07-04 13:59:15,305 [Worker-8] INFO  o.e.m.c.i.e.AbstractTransferListenerAdapter - Downloaded https://repo.maven.apache.org/maven2/org/springframework/boot/spring-boot-starter-logging/1.4.2.RELEASE/spring-boot-starter-logging-1.4.2.RELEASE.jar
2017-07-04 13:59:15,336 [Worker-8] INFO  o.e.m.c.i.e.AbstractTransferListenerAdapter - Downloading https://repo.maven.apache.org/maven2/org/springframework/boot/spring-boot-starter-tomcat/1.4.2.RELEASE/spring-boot-starter-tomcat-1.4.2.RELEASE.jar
2017-07-04 13:59:15,559 [Worker-8] INFO  o.e.m.c.i.e.AbstractTransferListenerAdapter - Downloaded https://repo.maven.apache.org/maven2/org/springframework/boot/spring-boot-starter-tomcat/1.4.2.RELEASE/spring-boot-starter-tomcat-1.4.2.RELEASE.jar
2017-07-04 13:59:15,596 [Worker-8] INFO  o.e.m.c.i.e.AbstractTransferListenerAdapter - Downloading https://repo.maven.apache.org/maven2/org/apache/tomcat/embed/tomcat-embed-core/8.5.6/tomcat-embed-core-8.5.6.jar
2017-07-04 13:59:17,194 [Worker-8] INFO  o.e.m.c.i.e.AbstractTransferListenerAdapter - Downloaded https://repo.maven.apache.org/maven2/org/apache/tomcat/embed/tomcat-embed-core/8.5.6/tomcat-embed-core-8.5.6.jar
2017-07-04 13:59:17,233 [Worker-8] INFO  o.e.m.c.i.e.AbstractTransferListenerAdapter - Downloading https://repo.maven.apache.org/maven2/org/apache/tomcat/embed/tomcat-embed-el/8.5.6/tomcat-embed-el-8.5.6.jar
2017-07-04 13:59:17,408 [Worker-8] INFO  o.e.m.c.i.e.AbstractTransferListenerAdapter - Downloaded https://repo.maven.apache.org/maven2/org/apache/tomcat/embed/tomcat-embed-el/8.5.6/tomcat-embed-el-8.5.6.jar
2017-07-04 13:59:17,464 [Worker-8] INFO  o.e.m.c.i.e.AbstractTransferListenerAdapter - Downloading https://repo.maven.apache.org/maven2/org/apache/tomcat/embed/tomcat-embed-websocket/8.5.6/tomcat-embed-websocket-8.5.6.jar
2017-07-04 13:59:17,636 [Worker-8] INFO  o.e.m.c.i.e.AbstractTransferListenerAdapter - Downloaded https://repo.maven.apache.org/maven2/org/apache/tomcat/embed/tomcat-embed-websocket/8.5.6/tomcat-embed-websocket-8.5.6.jar
2017-07-04 13:59:17,675 [Worker-8] INFO  o.e.m.c.i.e.AbstractTransferListenerAdapter - Downloading https://repo.maven.apache.org/maven2/com/fasterxml/jackson/core/jackson-databind/2.8.4/jackson-databind-2.8.4.jar
2017-07-04 13:59:18,154 [Worker-8] INFO  o.e.m.c.i.e.AbstractTransferListenerAdapter - Downloaded https://repo.maven.apache.org/maven2/com/fasterxml/jackson/core/jackson-databind/2.8.4/jackson-databind-2.8.4.jar
2017-07-04 13:59:18,192 [Worker-8] INFO  o.e.m.c.i.e.AbstractTransferListenerAdapter - Downloading https://repo.maven.apache.org/maven2/com/fasterxml/jackson/core/jackson-annotations/2.8.4/jackson-annotations-2.8.4.jar
2017-07-04 13:59:18,314 [Worker-8] INFO  o.e.m.c.i.e.AbstractTransferListenerAdapter - Downloaded https://repo.maven.apache.org/maven2/com/fasterxml/jackson/core/jackson-annotations/2.8.4/jackson-annotations-2.8.4.jar
2017-07-04 13:59:18,355 [Worker-8] INFO  o.e.m.c.i.e.AbstractTransferListenerAdapter - Downloading https://repo.maven.apache.org/maven2/com/fasterxml/jackson/core/jackson-core/2.8.4/jackson-core-2.8.4.jar
2017-07-04 13:59:18,584 [Worker-8] INFO  o.e.m.c.i.e.AbstractTransferListenerAdapter - Downloaded https://repo.maven.apache.org/maven2/com/fasterxml/jackson/core/jackson-core/2.8.4/jackson-core-2.8.4.jar
2017-07-04 13:59:18,633 [Worker-8] INFO  o.e.m.c.i.e.AbstractTransferListenerAdapter - Downloading https://repo.maven.apache.org/maven2/org/springframework/spring-web/4.3.4.RELEASE/spring-web-4.3.4.RELEASE.jar
2017-07-04 13:59:18,962 [Worker-8] INFO  o.e.m.c.i.e.AbstractTransferListenerAdapter - Downloaded https://repo.maven.apache.org/maven2/org/springframework/spring-web/4.3.4.RELEASE/spring-web-4.3.4.RELEASE.jar
2017-07-04 13:59:19,000 [Worker-8] INFO  o.e.m.c.i.e.AbstractTransferListenerAdapter - Downloading https://repo.maven.apache.org/maven2/org/springframework/spring-aop/4.3.4.RELEASE/spring-aop-4.3.4.RELEASE.jar
2017-07-04 13:59:19,228 [Worker-8] INFO  o.e.m.c.i.e.AbstractTransferListenerAdapter - Downloaded https://repo.maven.apache.org/maven2/org/springframework/spring-aop/4.3.4.RELEASE/spring-aop-4.3.4.RELEASE.jar
2017-07-04 13:59:19,267 [Worker-8] INFO  o.e.m.c.i.e.AbstractTransferListenerAdapter - Downloading https://repo.maven.apache.org/maven2/org/springframework/spring-beans/4.3.4.RELEASE/spring-beans-4.3.4.RELEASE.jar
2017-07-04 13:59:19,661 [Worker-8] INFO  o.e.m.c.i.e.AbstractTransferListenerAdapter - Downloaded https://repo.maven.apache.org/maven2/org/springframework/spring-beans/4.3.4.RELEASE/spring-beans-4.3.4.RELEASE.jar
2017-07-04 13:59:19,705 [Worker-8] INFO  o.e.m.c.i.e.AbstractTransferListenerAdapter - Downloading https://repo.maven.apache.org/maven2/org/springframework/spring-context/4.3.4.RELEASE/spring-context-4.3.4.RELEASE.jar
2017-07-04 13:59:20,199 [Worker-8] INFO  o.e.m.c.i.e.AbstractTransferListenerAdapter - Downloaded https://repo.maven.apache.org/maven2/org/springframework/spring-context/4.3.4.RELEASE/spring-context-4.3.4.RELEASE.jar
2017-07-04 13:59:20,241 [Worker-8] INFO  o.e.m.c.i.e.AbstractTransferListenerAdapter - Downloading https://repo.maven.apache.org/maven2/org/springframework/spring-webmvc/4.3.4.RELEASE/spring-webmvc-4.3.4.RELEASE.jar
2017-07-04 13:59:20,766 [Worker-8] INFO  o.e.m.c.i.e.AbstractTransferListenerAdapter - Downloaded https://repo.maven.apache.org/maven2/org/springframework/spring-webmvc/4.3.4.RELEASE/spring-webmvc-4.3.4.RELEASE.jar
2017-07-04 13:59:20,806 [Worker-8] INFO  o.e.m.c.i.e.AbstractTransferListenerAdapter - Downloading https://repo.maven.apache.org/maven2/org/springframework/spring-expression/4.3.4.RELEASE/spring-expression-4.3.4.RELEASE.jar
2017-07-04 13:59:20,994 [Worker-8] INFO  o.e.m.c.i.e.AbstractTransferListenerAdapter - Downloaded https://repo.maven.apache.org/maven2/org/springframework/spring-expression/4.3.4.RELEASE/spring-expression-4.3.4.RELEASE.jar
2017-07-04 13:59:21,029 [Worker-8] INFO  o.e.m.c.i.e.AbstractTransferListenerAdapter - Downloading https://repo.maven.apache.org/maven2/org/springframework/boot/spring-boot-starter-test/1.4.2.RELEASE/spring-boot-starter-test-1.4.2.RELEASE.jar
2017-07-04 13:59:21,195 [Worker-8] INFO  o.e.m.c.i.e.AbstractTransferListenerAdapter - Downloaded https://repo.maven.apache.org/maven2/org/springframework/boot/spring-boot-starter-test/1.4.2.RELEASE/spring-boot-starter-test-1.4.2.RELEASE.jar
2017-07-04 13:59:21,231 [Worker-8] INFO  o.e.m.c.i.e.AbstractTransferListenerAdapter - Downloading https://repo.maven.apache.org/maven2/org/springframework/boot/spring-boot-test/1.4.2.RELEASE/spring-boot-test-1.4.2.RELEASE.jar
2017-07-04 13:59:21,411 [Worker-8] INFO  o.e.m.c.i.e.AbstractTransferListenerAdapter - Downloaded https://repo.maven.apache.org/maven2/org/springframework/boot/spring-boot-test/1.4.2.RELEASE/spring-boot-test-1.4.2.RELEASE.jar
2017-07-04 13:59:21,450 [Worker-8] INFO  o.e.m.c.i.e.AbstractTransferListenerAdapter - Downloading https://repo.maven.apache.org/maven2/org/springframework/boot/spring-boot-test-autoconfigure/1.4.2.RELEASE/spring-boot-test-autoconfigure-1.4.2.RELEASE.jar
2017-07-04 13:59:21,593 [Worker-8] INFO  o.e.m.c.i.e.AbstractTransferListenerAdapter - Downloaded https://repo.maven.apache.org/maven2/org/springframework/boot/spring-boot-test-autoconfigure/1.4.2.RELEASE/spring-boot-test-autoconfigure-1.4.2.RELEASE.jar
2017-07-04 13:59:21,634 [Worker-8] INFO  o.e.m.c.i.e.AbstractTransferListenerAdapter - Downloading https://repo.maven.apache.org/maven2/org/assertj/assertj-core/2.5.0/assertj-core-2.5.0.jar
2017-07-04 13:59:22,056 [Worker-8] INFO  o.e.m.c.i.e.AbstractTransferListenerAdapter - Downloaded https://repo.maven.apache.org/maven2/org/assertj/assertj-core/2.5.0/assertj-core-2.5.0.jar
2017-07-04 13:59:22,094 [Worker-8] INFO  o.e.m.c.i.e.AbstractTransferListenerAdapter - Downloading https://repo.maven.apache.org/maven2/org/skyscreamer/jsonassert/1.3.0/jsonassert-1.3.0.jar
2017-07-04 13:59:22,710 [Worker-8] INFO  o.e.m.c.i.e.AbstractTransferListenerAdapter - Downloaded https://repo.maven.apache.org/maven2/org/skyscreamer/jsonassert/1.3.0/jsonassert-1.3.0.jar
2017-07-04 13:59:22,751 [Worker-8] INFO  o.e.m.c.i.e.AbstractTransferListenerAdapter - Downloading https://repo.maven.apache.org/maven2/org/springframework/spring-core/4.3.4.RELEASE/spring-core-4.3.4.RELEASE.jar
2017-07-04 13:59:23,245 [Worker-8] INFO  o.e.m.c.i.e.AbstractTransferListenerAdapter - Downloaded https://repo.maven.apache.org/maven2/org/springframework/spring-core/4.3.4.RELEASE/spring-core-4.3.4.RELEASE.jar
2017-07-04 13:59:23,291 [Worker-8] INFO  o.e.m.c.i.e.AbstractTransferListenerAdapter - Downloading https://repo.maven.apache.org/maven2/org/springframework/spring-test/4.3.4.RELEASE/spring-test-4.3.4.RELEASE.jar
2017-07-04 13:59:23,604 [Worker-8] INFO  o.e.m.c.i.e.AbstractTransferListenerAdapter - Downloaded https://repo.maven.apache.org/maven2/org/springframework/spring-test/4.3.4.RELEASE/spring-test-4.3.4.RELEASE.jar
2017-07-04 13:59:34,816 [Worker-8] INFO  o.e.m.c.i.e.AbstractTransferListenerAdapter - Downloading https://repo.maven.apache.org/maven2/org/apache/maven/plugins/maven-resources-plugin/3.0.1/maven-resources-plugin-3.0.1.pom
2017-07-04 13:59:34,947 [Worker-8] INFO  o.e.m.c.i.e.AbstractTransferListenerAdapter - Downloaded https://repo.maven.apache.org/maven2/org/apache/maven/plugins/maven-resources-plugin/3.0.1/maven-resources-plugin-3.0.1.pom
2017-07-04 13:59:35,053 [Worker-8] INFO  o.e.m.c.i.e.AbstractTransferListenerAdapter - Downloading https://repo.maven.apache.org/maven2/org/apache/maven/plugins/maven-plugins/30/maven-plugins-30.pom
2017-07-04 13:59:35,150 [Worker-8] INFO  o.e.m.c.i.e.AbstractTransferListenerAdapter - Downloaded https://repo.maven.apache.org/maven2/org/apache/maven/plugins/maven-plugins/30/maven-plugins-30.pom
2017-07-04 13:59:35,257 [Worker-8] INFO  o.e.m.c.i.e.AbstractTransferListenerAdapter - Downloading https://repo.maven.apache.org/maven2/org/apache/maven/maven-parent/30/maven-parent-30.pom
2017-07-04 13:59:35,373 [Worker-8] INFO  o.e.m.c.i.e.AbstractTransferListenerAdapter - Downloaded https://repo.maven.apache.org/maven2/org/apache/maven/maven-parent/30/maven-parent-30.pom
2017-07-04 13:59:35,476 [Worker-8] INFO  o.e.m.c.i.e.AbstractTransferListenerAdapter - Downloading https://repo.maven.apache.org/maven2/org/apache/apache/18/apache-18.pom
2017-07-04 13:59:35,568 [Worker-8] INFO  o.e.m.c.i.e.AbstractTransferListenerAdapter - Downloaded https://repo.maven.apache.org/maven2/org/apache/apache/18/apache-18.pom
2017-07-04 13:59:41,273 [Worker-8] INFO  o.e.m.c.i.e.AbstractTransferListenerAdapter - Downloading https://repo.maven.apache.org/maven2/org/codehaus/plexus/plexus-component-annotations/1.6/plexus-component-annotations-1.6.pom
2017-07-04 13:59:41,370 [Worker-8] INFO  o.e.m.c.i.e.AbstractTransferListenerAdapter - Downloaded https://repo.maven.apache.org/maven2/org/codehaus/plexus/plexus-component-annotations/1.6/plexus-component-annotations-1.6.pom
2017-07-04 13:59:41,484 [Worker-8] INFO  o.e.m.c.i.e.AbstractTransferListenerAdapter - Downloading https://repo.maven.apache.org/maven2/org/codehaus/plexus/plexus-containers/1.6/plexus-containers-1.6.pom
2017-07-04 13:59:41,579 [Worker-8] INFO  o.e.m.c.i.e.AbstractTransferListenerAdapter - Downloaded https://repo.maven.apache.org/maven2/org/codehaus/plexus/plexus-containers/1.6/plexus-containers-1.6.pom
2017-07-04 13:59:41,671 [Worker-8] INFO  o.e.m.c.i.e.AbstractTransferListenerAdapter - Downloading https://repo.maven.apache.org/maven2/org/codehaus/plexus/plexus/3.3.2/plexus-3.3.2.pom
2017-07-04 13:59:41,767 [Worker-8] INFO  o.e.m.c.i.e.AbstractTransferListenerAdapter - Downloaded https://repo.maven.apache.org/maven2/org/codehaus/plexus/plexus/3.3.2/plexus-3.3.2.pom
2017-07-04 13:59:42,656 [Worker-8] INFO  o.e.m.c.i.e.AbstractTransferListenerAdapter - Downloading https://repo.maven.apache.org/maven2/org/codehaus/plexus/plexus-utils/3.0.24/plexus-utils-3.0.24.pom
2017-07-04 13:59:42,742 [Worker-8] INFO  o.e.m.c.i.e.AbstractTransferListenerAdapter - Downloaded https://repo.maven.apache.org/maven2/org/codehaus/plexus/plexus-utils/3.0.24/plexus-utils-3.0.24.pom
2017-07-04 13:59:42,845 [Worker-8] INFO  o.e.m.c.i.e.AbstractTransferListenerAdapter - Downloading https://repo.maven.apache.org/maven2/org/codehaus/plexus/plexus/4.0/plexus-4.0.pom
2017-07-04 13:59:42,990 [Worker-8] INFO  o.e.m.c.i.e.AbstractTransferListenerAdapter - Downloaded https://repo.maven.apache.org/maven2/org/codehaus/plexus/plexus/4.0/plexus-4.0.pom
2017-07-04 13:59:43,154 [Worker-8] INFO  o.e.m.c.i.e.AbstractTransferListenerAdapter - Downloading https://repo.maven.apache.org/maven2/org/apache/maven/shared/maven-filtering/3.1.1/maven-filtering-3.1.1.pom
2017-07-04 13:59:43,259 [Worker-8] INFO  o.e.m.c.i.e.AbstractTransferListenerAdapter - Downloaded https://repo.maven.apache.org/maven2/org/apache/maven/shared/maven-filtering/3.1.1/maven-filtering-3.1.1.pom
2017-07-04 13:59:43,340 [Worker-8] INFO  o.e.m.c.i.e.AbstractTransferListenerAdapter - Downloading https://repo.maven.apache.org/maven2/org/apache/maven/shared/maven-shared-components/30/maven-shared-components-30.pom
2017-07-04 13:59:43,430 [Worker-8] INFO  o.e.m.c.i.e.AbstractTransferListenerAdapter - Downloaded https://repo.maven.apache.org/maven2/org/apache/maven/shared/maven-shared-components/30/maven-shared-components-30.pom
2017-07-04 13:59:43,520 [Worker-8] INFO  o.e.m.c.i.e.AbstractTransferListenerAdapter - Downloading https://repo.maven.apache.org/maven2/org/apache/maven/shared/maven-shared-utils/3.0.0/maven-shared-utils-3.0.0.pom
2017-07-04 13:59:43,619 [Worker-8] INFO  o.e.m.c.i.e.AbstractTransferListenerAdapter - Downloaded https://repo.maven.apache.org/maven2/org/apache/maven/shared/maven-shared-utils/3.0.0/maven-shared-utils-3.0.0.pom
2017-07-04 13:59:44,270 [Worker-8] INFO  o.e.m.c.i.e.AbstractTransferListenerAdapter - Downloading https://repo.maven.apache.org/maven2/org/codehaus/plexus/plexus-component-annotations/1.6/plexus-component-annotations-1.6.jar
2017-07-04 13:59:44,632 [Worker-8] INFO  o.e.m.c.i.e.AbstractTransferListenerAdapter - Downloaded https://repo.maven.apache.org/maven2/org/codehaus/plexus/plexus-component-annotations/1.6/plexus-component-annotations-1.6.jar
2017-07-04 13:59:44,663 [Worker-8] INFO  o.e.m.c.i.e.AbstractTransferListenerAdapter - Downloading https://repo.maven.apache.org/maven2/org/codehaus/plexus/plexus-utils/3.0.24/plexus-utils-3.0.24.jar
2017-07-04 13:59:44,839 [Worker-8] INFO  o.e.m.c.i.e.AbstractTransferListenerAdapter - Downloaded https://repo.maven.apache.org/maven2/org/codehaus/plexus/plexus-utils/3.0.24/plexus-utils-3.0.24.jar
2017-07-04 13:59:44,886 [Worker-8] INFO  o.e.m.c.i.e.AbstractTransferListenerAdapter - Downloading https://repo.maven.apache.org/maven2/org/apache/maven/shared/maven-filtering/3.1.1/maven-filtering-3.1.1.jar
2017-07-04 13:59:44,996 [Worker-8] INFO  o.e.m.c.i.e.AbstractTransferListenerAdapter - Downloaded https://repo.maven.apache.org/maven2/org/apache/maven/shared/maven-filtering/3.1.1/maven-filtering-3.1.1.jar
2017-07-04 13:59:45,033 [Worker-8] INFO  o.e.m.c.i.e.AbstractTransferListenerAdapter - Downloading https://repo.maven.apache.org/maven2/org/apache/maven/shared/maven-shared-utils/3.0.0/maven-shared-utils-3.0.0.jar
2017-07-04 13:59:45,174 [Worker-8] INFO  o.e.m.c.i.e.AbstractTransferListenerAdapter - Downloaded https://repo.maven.apache.org/maven2/org/apache/maven/shared/maven-shared-utils/3.0.0/maven-shared-utils-3.0.0.jar
2017-07-04 13:59:46,701 [Worker-8] INFO  o.e.m.j.i.AbstractJavaProjectConfigurator - Adding source folder /cra-demo/src/main/java
2017-07-04 13:59:46,724 [Worker-8] INFO  o.e.m.j.i.AbstractJavaProjectConfigurator - Adding resource folder /cra-demo/src/main/resources
2017-07-04 13:59:46,796 [Worker-8] INFO  o.e.m.j.i.AbstractJavaProjectConfigurator - Adding resource folder /cra-demo/src/main/resources
2017-07-04 13:59:46,860 [Worker-8] INFO  o.e.m.j.i.AbstractJavaProjectConfigurator - Adding source folder /cra-demo/src/test/java
2017-07-04 13:59:52,387 [Worker-8] INFO  o.e.m.c.i.p.ProjectConfigurationManager - Imported and configured 1 project(s) in 61 sec
2017-07-04 13:59:58,374 [Worker-1] INFO  o.e.m.i.discovery.MavenDiscovery - No lifecyle mapping found at jar:file:/C:/Users/Official/AppData/Local/Temp/RemoteBundleDiscoveryStrategy1440878627846743014.tmp/org.eclipse.m2e.discovery.oss_catalog_1.6.jar_5981285168061490339.jar!/lifecycle%2Forg.eclipse.m2e.discovery.lifecyclemapping.m2e-egit.xml
2017-07-04 13:59:58,398 [Worker-1] WARN  o.e.m.i.discovery.MavenDiscovery - CatalogItem org.eclipse.m2e.discovery.lifecyclemapping.m2e-egit does not contain lifecycle mapping metadata
2017-07-04 13:59:58,453 [Worker-1] INFO  o.e.m.i.discovery.MavenDiscovery - No lifecyle mapping found at jar:file:/C:/Users/Official/AppData/Local/Temp/RemoteBundleDiscoveryStrategy1440878627846743014.tmp/org.eclipse.m2e.discovery.oss_catalog_1.6.jar_5981285168061490339.jar!/lifecycle%2Forg.eclipse.m2e.discovery.lifecyclemapping.m2e-subversive.xml
2017-07-04 13:59:58,455 [Worker-1] WARN  o.e.m.i.discovery.MavenDiscovery - CatalogItem org.eclipse.m2e.discovery.lifecyclemapping.m2e-subversive does not contain lifecycle mapping metadata
2017-07-04 14:00:03,648 [Worker-0] INFO  o.e.m.c.i.embedder.EclipseLogger - Using 'UTF-8' encoding to copy filtered resources.
2017-07-04 14:00:03,673 [Worker-0] INFO  o.e.m.c.i.embedder.EclipseLogger - Copying 1 resource
2017-07-04 14:00:03,742 [Worker-0] INFO  o.e.m.c.i.embedder.EclipseLogger - Copying 0 resource
2017-07-04 14:00:03,755 [Worker-0] INFO  o.e.m.c.i.embedder.EclipseLogger - Using 'UTF-8' encoding to copy filtered resources.
2017-07-04 14:00:03,775 [Worker-0] INFO  o.e.m.c.i.embedder.EclipseLogger - skip non existing resourceDirectory C:\Users\Official\Downloads\spring-cra-demo-master\src\test\resources
2017-07-04 14:00:03,935 [Worker-0] INFO  o.e.m.c.i.embedder.EclipseLogger - Using 'UTF-8' encoding to copy filtered resources.
2017-07-04 14:00:03,964 [Worker-0] INFO  o.e.m.c.i.embedder.EclipseLogger - skip non existing resourceDirectory C:\Users\Official\Downloads\spring-cra-demo-master\src\main\app\build
2017-07-04 14:08:37,073 [Worker-16] INFO  o.e.m.c.i.l.LifecycleMappingFactory - Using org.eclipse.m2e.jdt.JarLifecycleMapping lifecycle mapping for MavenProject: com.pugnascotia:cra-demo:0.0.1-SNAPSHOT @ C:\Users\Official\Downloads\spring-cra-demo-master\pom.xml.
2017-07-04 14:08:38,019 [Worker-16] INFO  o.e.m.c.i.embedder.EclipseLogger - Skipping npm install as package.json unchanged
2017-07-04 14:08:38,037 [Worker-16] INFO  c.g.e.m.p.f.l.DefaultWebpackRunner - Running 'webpack.js ' in C:\Users\Official\Downloads\spring-cra-demo-master
2017-07-04 14:08:38,334 [Worker-16] INFO  o.e.m.c.i.embedder.EclipseLogger - Using 'UTF-8' encoding to copy filtered resources.
2017-07-04 14:08:38,340 [Worker-16] INFO  o.e.m.c.i.embedder.EclipseLogger - Copying 0 resource
2017-07-04 14:08:38,350 [Worker-16] INFO  o.e.m.c.i.embedder.EclipseLogger - Copying 0 resource
2017-07-04 14:08:38,354 [Worker-16] INFO  o.e.m.c.i.embedder.EclipseLogger - Using 'UTF-8' encoding to copy filtered resources.
2017-07-04 14:08:38,362 [Worker-16] INFO  o.e.m.c.i.embedder.EclipseLogger - skip non existing resourceDirectory C:\Users\Official\Downloads\spring-cra-demo-master\src\test\resources
2017-07-04 14:08:38,884 [Worker-16] INFO  o.e.m.c.i.embedder.EclipseLogger - Using 'UTF-8' encoding to copy filtered resources.
2017-07-04 14:08:38,890 [Worker-16] INFO  o.e.m.c.i.embedder.EclipseLogger - skip non existing resourceDirectory C:\Users\Official\Downloads\spring-cra-demo-master\src\main\app\build
2017-07-04 14:08:55,294 [Worker-15] INFO  o.e.m.c.i.p.ProjectConfigurationManager - Update started
2017-07-04 14:08:56,691 [Worker-15] INFO  o.e.m.c.i.l.LifecycleMappingFactory - Using org.eclipse.m2e.jdt.JarLifecycleMapping lifecycle mapping for MavenProject: com.pugnascotia:cra-demo:0.0.1-SNAPSHOT @ C:\Users\Official\Downloads\spring-cra-demo-master\pom.xml.
2017-07-04 14:08:59,646 [Worker-15] INFO  c.g.e.m.p.f.lib.NodeInstaller - Installing node version v4.4.5
2017-07-04 14:08:59,919 [Worker-15] INFO  c.g.e.m.p.f.lib.NodeInstaller - Copying node binary from C:\Users\Official\.m2\repository\com\github\eirslett\node\4.4.5\node-4.4.5-win-x64.exe to C:\Users\Official\Downloads\spring-cra-demo-master\target\node\node.exe
2017-07-04 14:09:01,151 [Worker-15] INFO  c.g.e.m.p.f.lib.NodeInstaller - Installed node locally.
2017-07-04 14:09:01,158 [Worker-15] INFO  c.g.e.m.p.frontend.lib.NPMInstaller - Installing npm version 3.9.2
2017-07-04 14:09:01,163 [Worker-15] INFO  c.g.e.m.p.frontend.lib.NPMInstaller - Unpacking C:\Users\Official\.m2\repository\com\github\eirslett\npm\3.9.2\npm-3.9.2.tar.gz into C:\Users\Official\Downloads\spring-cra-demo-master\target\node\node_modules
2017-07-04 14:10:48,908 [Worker-15] INFO  c.g.e.m.p.frontend.lib.NPMInstaller - Installed npm locally.
2017-07-04 14:10:49,196 [Worker-15] INFO  o.e.m.j.i.AbstractJavaProjectConfigurator - Adding source folder /cra-demo/src/main/java
2017-07-04 14:10:49,197 [Worker-15] INFO  o.e.m.j.i.AbstractJavaProjectConfigurator - Adding resource folder /cra-demo/src/main/resources
2017-07-04 14:10:49,197 [Worker-15] INFO  o.e.m.j.i.AbstractJavaProjectConfigurator - Adding resource folder /cra-demo/src/main/resources
2017-07-04 14:10:49,205 [Worker-15] INFO  o.e.m.j.i.AbstractJavaProjectConfigurator - Adding source folder /cra-demo/src/test/java
2017-07-04 14:10:49,612 [Worker-15] INFO  o.e.m.c.i.p.ProjectConfigurationManager - Update completed: 114 sec
2017-07-04 14:10:50,539 [Worker-2] INFO  c.g.e.m.p.f.lib.NodeInstaller - Node v4.4.5 is already installed.
2017-07-04 14:10:50,819 [Worker-2] INFO  c.g.e.m.p.frontend.lib.NPMInstaller - NPM 3.9.2 is already installed.
2017-07-04 14:10:50,863 [Worker-2] INFO  c.g.e.m.p.f.lib.DefaultNpmRunner - Running 'npm install' in C:\Users\Official\Downloads\spring-cra-demo-master
2017-07-04 14:10:54,491 [Thread-32] WARN  c.g.e.m.p.f.lib.DefaultNpmRunner - npm WARN enoent ENOENT: no such file or directory, open 'C:\Users\Official\Downloads\spring-cra-demo-master\package.json'
2017-07-04 14:10:54,504 [Thread-32] WARN  c.g.e.m.p.f.lib.DefaultNpmRunner - npm WARN spring-cra-demo-master No description
2017-07-04 14:10:54,516 [Thread-32] WARN  c.g.e.m.p.f.lib.DefaultNpmRunner - npm WARN spring-cra-demo-master No repository field.
2017-07-04 14:10:54,526 [Thread-32] WARN  c.g.e.m.p.f.lib.DefaultNpmRunner - npm WARN spring-cra-demo-master No README data
2017-07-04 14:10:54,531 [Thread-32] WARN  c.g.e.m.p.f.lib.DefaultNpmRunner - npm WARN spring-cra-demo-master No license field.
2017-07-04 14:10:54,538 [Worker-2] INFO  c.g.e.m.p.f.l.DefaultWebpackRunner - Running 'webpack.js ' in C:\Users\Official\Downloads\spring-cra-demo-master
2017-07-04 14:10:54,649 [Thread-34] ERROR c.g.e.m.p.f.l.DefaultWebpackRunner - module.js:327
2017-07-04 14:10:54,673 [Thread-34] ERROR c.g.e.m.p.f.l.DefaultWebpackRunner -     throw err;
2017-07-04 14:10:54,678 [Thread-34] ERROR c.g.e.m.p.f.l.DefaultWebpackRunner -     ^
2017-07-04 14:10:54,685 [Thread-34] ERROR c.g.e.m.p.f.l.DefaultWebpackRunner - 
2017-07-04 14:10:54,693 [Thread-34] ERROR c.g.e.m.p.f.l.DefaultWebpackRunner - Error: Cannot find module 'C:\Users\Official\Downloads\spring-cra-demo-master\node_modules\webpack\bin\webpack.js'
2017-07-04 14:10:54,705 [Thread-34] ERROR c.g.e.m.p.f.l.DefaultWebpackRunner -     at Function.Module._resolveFilename (module.js:325:15)
2017-07-04 14:10:54,710 [Thread-34] ERROR c.g.e.m.p.f.l.DefaultWebpackRunner -     at Function.Module._load (module.js:276:25)
2017-07-04 14:10:54,718 [Thread-34] ERROR c.g.e.m.p.f.l.DefaultWebpackRunner -     at Function.Module.runMain (module.js:441:10)
2017-07-04 14:10:54,725 [Thread-34] ERROR c.g.e.m.p.f.l.DefaultWebpackRunner -     at startup (node.js:139:18)
2017-07-04 14:10:54,735 [Thread-34] ERROR c.g.e.m.p.f.l.DefaultWebpackRunner -     at node.js:968:3
2017-07-04 14:10:54,763 [Worker-2] INFO  o.e.m.c.i.embedder.EclipseLogger - Using 'UTF-8' encoding to copy filtered resources.
2017-07-04 14:10:54,764 [Worker-2] INFO  o.e.m.c.i.embedder.EclipseLogger - Copying 1 resource
2017-07-04 14:10:54,779 [Worker-2] INFO  o.e.m.c.i.embedder.EclipseLogger - Copying 0 resource
2017-07-04 14:10:54,783 [Worker-2] INFO  o.e.m.c.i.embedder.EclipseLogger - Using 'UTF-8' encoding to copy filtered resources.
2017-07-04 14:10:54,783 [Worker-2] INFO  o.e.m.c.i.embedder.EclipseLogger - skip non existing resourceDirectory C:\Users\Official\Downloads\spring-cra-demo-master\src\test\resources
2017-07-04 14:10:55,236 [Worker-2] INFO  o.e.m.c.i.embedder.EclipseLogger - Using 'UTF-8' encoding to copy filtered resources.
2017-07-04 14:10:55,236 [Worker-2] INFO  o.e.m.c.i.embedder.EclipseLogger - skip non existing resourceDirectory C:\Users\Official\Downloads\spring-cra-demo-master\src\main\app\build
2017-07-04 14:13:51,425 [Worker-17] INFO  o.e.m.c.i.l.LifecycleMappingFactory - Using org.eclipse.m2e.jdt.JarLifecycleMapping lifecycle mapping for MavenProject: com.pugnascotia:cra-demo:0.0.1-SNAPSHOT @ C:\Users\Official\Downloads\spring-cra-demo-master\pom.xml.
2017-07-04 14:13:52,473 [Worker-17] INFO  o.e.m.c.i.embedder.EclipseLogger - Using 'UTF-8' encoding to copy filtered resources.
2017-07-04 14:13:52,480 [Worker-17] INFO  o.e.m.c.i.embedder.EclipseLogger - Copying 0 resource
2017-07-04 14:13:52,481 [Worker-17] INFO  o.e.m.c.i.embedder.EclipseLogger - Copying 0 resource
2017-07-04 14:13:52,485 [Worker-17] INFO  o.e.m.c.i.embedder.EclipseLogger - Using 'UTF-8' encoding to copy filtered resources.
2017-07-04 14:13:52,485 [Worker-17] INFO  o.e.m.c.i.embedder.EclipseLogger - skip non existing resourceDirectory C:\Users\Official\Downloads\spring-cra-demo-master\src\test\resources
2017-07-04 14:13:53,057 [Worker-17] INFO  o.e.m.c.i.embedder.EclipseLogger - Using 'UTF-8' encoding to copy filtered resources.
2017-07-04 14:13:53,057 [Worker-17] INFO  o.e.m.c.i.embedder.EclipseLogger - skip non existing resourceDirectory C:\Users\Official\Downloads\spring-cra-demo-master\src\main\app\build
2017-07-04 14:16:27,174 [Worker-24] INFO  o.e.m.c.i.e.AbstractTransferListenerAdapter - Downloaded https://repo.maven.apache.org/maven2/com/github/eirslett/frontend-maven-plugin/LATEST_VERSION/frontend-maven-plugin-LATEST_VERSION.pom
2017-07-04 14:16:27,185 [Worker-24] WARN  o.e.m.c.i.embedder.EclipseLogger - The POM for com.github.eirslett:frontend-maven-plugin:jar:LATEST_VERSION is missing, no dependency information available
2017-07-04 14:16:27,353 [Worker-24] INFO  o.e.m.c.i.e.AbstractTransferListenerAdapter - Downloaded https://repo.maven.apache.org/maven2/com/github/eirslett/frontend-maven-plugin/LATEST_VERSION/frontend-maven-plugin-LATEST_VERSION.jar
2017-07-04 14:16:28,036 [Worker-24] WARN  o.e.m.c.i.embedder.EclipseLogger - The POM for com.github.eirslett:frontend-maven-plugin:jar:LATEST_VERSION is missing, no dependency information available
2017-07-04 14:16:28,043 [Worker-24] WARN  o.e.m.c.i.embedder.EclipseLogger - The POM for com.github.eirslett:frontend-maven-plugin:jar:LATEST_VERSION is missing, no dependency information available
2017-07-04 14:16:28,100 [Worker-24] INFO  o.e.m.c.i.l.LifecycleMappingFactory - Using org.eclipse.m2e.jdt.JarLifecycleMapping lifecycle mapping for MavenProject: com.pugnascotia:cra-demo:0.0.1-SNAPSHOT @ C:\Users\Official\Downloads\spring-cra-demo-master\pom.xml.
2017-07-04 14:17:14,594 [Worker-25] INFO  o.e.m.c.i.e.AbstractTransferListenerAdapter - Downloading https://repo.maven.apache.org/maven2/com/github/eirslett/frontend-maven-plugin/1.4/frontend-maven-plugin-1.4.pom
2017-07-04 14:17:14,634 [Worker-25] INFO  o.e.m.c.i.e.AbstractTransferListenerAdapter - Downloaded https://repo.maven.apache.org/maven2/com/github/eirslett/frontend-maven-plugin/1.4/frontend-maven-plugin-1.4.pom
2017-07-04 14:17:14,682 [Worker-25] INFO  o.e.m.c.i.e.AbstractTransferListenerAdapter - Downloading https://repo.maven.apache.org/maven2/com/github/eirslett/frontend-plugins/1.4/frontend-plugins-1.4.pom
2017-07-04 14:17:14,721 [Worker-25] INFO  o.e.m.c.i.e.AbstractTransferListenerAdapter - Downloaded https://repo.maven.apache.org/maven2/com/github/eirslett/frontend-plugins/1.4/frontend-plugins-1.4.pom
2017-07-04 14:17:14,764 [Worker-25] INFO  o.e.m.c.i.e.AbstractTransferListenerAdapter - Downloading https://repo.maven.apache.org/maven2/com/github/eirslett/frontend-maven-plugin/1.4/frontend-maven-plugin-1.4.jar
2017-07-04 14:17:14,963 [Worker-25] INFO  o.e.m.c.i.e.AbstractTransferListenerAdapter - Downloaded https://repo.maven.apache.org/maven2/com/github/eirslett/frontend-maven-plugin/1.4/frontend-maven-plugin-1.4.jar
2017-07-04 14:17:15,631 [Worker-25] INFO  o.e.m.c.i.l.LifecycleMappingFactory - Using org.eclipse.m2e.jdt.JarLifecycleMapping lifecycle mapping for MavenProject: com.pugnascotia:cra-demo:0.0.1-SNAPSHOT @ C:\Users\Official\Downloads\spring-cra-demo-master\pom.xml.
2017-07-04 14:17:16,434 [Worker-25] INFO  o.e.m.c.i.e.AbstractTransferListenerAdapter - Downloading https://repo.maven.apache.org/maven2/com/github/eirslett/frontend-plugin-core/1.4/frontend-plugin-core-1.4.pom
2017-07-04 14:17:16,478 [Worker-25] INFO  o.e.m.c.i.e.AbstractTransferListenerAdapter - Downloaded https://repo.maven.apache.org/maven2/com/github/eirslett/frontend-plugin-core/1.4/frontend-plugin-core-1.4.pom
2017-07-04 14:17:16,761 [Worker-25] INFO  o.e.m.c.i.e.AbstractTransferListenerAdapter - Downloading https://repo.maven.apache.org/maven2/com/github/eirslett/frontend-plugin-core/1.4/frontend-plugin-core-1.4.jar
2017-07-04 14:17:16,855 [Worker-25] INFO  o.e.m.c.i.e.AbstractTransferListenerAdapter - Downloaded https://repo.maven.apache.org/maven2/com/github/eirslett/frontend-plugin-core/1.4/frontend-plugin-core-1.4.jar
2017-07-04 14:17:17,123 [Worker-25] INFO  o.e.m.c.i.embedder.EclipseLogger - Skipping yarn install as package.json unchanged
2017-07-04 14:17:17,923 [Worker-25] INFO  o.e.m.c.i.embedder.EclipseLogger - Using 'UTF-8' encoding to copy filtered resources.
2017-07-04 14:17:17,941 [Worker-25] INFO  o.e.m.c.i.embedder.EclipseLogger - Copying 0 resource
2017-07-04 14:17:18,033 [Worker-25] INFO  o.e.m.c.i.embedder.EclipseLogger - Copying 0 resource
2017-07-04 14:17:18,094 [Worker-25] INFO  o.e.m.c.i.embedder.EclipseLogger - Using 'UTF-8' encoding to copy filtered resources.
2017-07-04 14:17:18,113 [Worker-25] INFO  o.e.m.c.i.embedder.EclipseLogger - skip non existing resourceDirectory C:\Users\Official\Downloads\spring-cra-demo-master\src\test\resources
2017-07-04 14:17:18,183 [Worker-25] INFO  o.e.m.c.i.embedder.EclipseLogger - Skipping yarn install as package.json unchanged
2017-07-04 14:17:18,211 [Worker-25] INFO  o.e.m.c.i.embedder.EclipseLogger - Using 'UTF-8' encoding to copy filtered resources.
2017-07-04 14:17:18,212 [Worker-25] INFO  o.e.m.c.i.embedder.EclipseLogger - skip non existing resourceDirectory C:\Users\Official\Downloads\spring-cra-demo-master\src\main\app\build
2017-07-04 14:17:43,977 [Worker-25] INFO  c.g.e.m.p.f.lib.NodeInstaller - Installing node version v7.2.0
2017-07-04 14:17:43,979 [Worker-25] INFO  c.g.e.m.p.f.lib.NodeInstaller - Downloading https://nodejs.org/dist/v7.2.0/win-x64/node.exe to C:\Users\Official\.m2\repository\com\github\eirslett\node\7.2.0\node-7.2.0-win-x64.exe
2017-07-04 14:17:43,984 [Worker-25] INFO  c.g.e.m.p.frontend.lib.ProxyConfig - No proxies configured
2017-07-04 14:17:43,984 [Worker-25] INFO  c.g.e.m.p.f.lib.FileDownloader - No proxy was configured, downloading directly
2017-07-04 14:18:50,500 [Worker-25] INFO  c.g.e.m.p.f.lib.NodeInstaller - Copying node binary from C:\Users\Official\.m2\repository\com\github\eirslett\node\7.2.0\node-7.2.0-win-x64.exe to C:\Users\Official\Downloads\spring-cra-demo-master\.mvn\node\node.exe
2017-07-04 14:18:53,040 [Worker-25] INFO  c.g.e.m.p.f.lib.NodeInstaller - Installed node locally.
2017-07-04 14:18:53,056 [Worker-25] INFO  c.g.e.m.p.f.lib.YarnInstaller - Installing Yarn version v0.18.0
2017-07-04 14:18:53,056 [Worker-25] INFO  c.g.e.m.p.f.lib.YarnInstaller - Downloading https://github.com/yarnpkg/yarn/releases/download/v0.18.0/yarn-v0.18.0.tar.gz to C:\Users\Official\.m2\repository\com\github\eirslett\yarn\0.18.0\yarn-0.18.0.\yarn-v0.18.0.tar.gz
2017-07-04 14:18:53,056 [Worker-25] INFO  c.g.e.m.p.frontend.lib.ProxyConfig - No proxies configured
2017-07-04 14:18:53,056 [Worker-25] INFO  c.g.e.m.p.f.lib.FileDownloader - No proxy was configured, downloading directly
2017-07-04 14:18:56,637 [Worker-25] INFO  c.g.e.m.p.f.lib.YarnInstaller - Unpacking C:\Users\Official\.m2\repository\com\github\eirslett\yarn\0.18.0\yarn-0.18.0.\yarn-v0.18.0.tar.gz into C:\Users\Official\Downloads\spring-cra-demo-master\.mvn\node\yarn
2017-07-04 14:21:25,247 [Worker-25] INFO  c.g.e.m.p.f.lib.YarnInstaller - Installed Yarn locally.
2017-07-04 14:21:25,263 [Worker-25] INFO  c.g.e.m.p.f.lib.DefaultYarnRunner - Running 'yarn install' in C:\Users\Official\Downloads\spring-cra-demo-master\src\main\app
2017-07-04 14:21:26,966 [Exec Stream Pumper] INFO  c.g.e.m.p.f.lib.DefaultYarnRunner - yarn install v0.18.0
2017-07-04 14:21:27,591 [Exec Stream Pumper] INFO  c.g.e.m.p.f.lib.DefaultYarnRunner - [1/4] Resolving packages...
2017-07-04 14:21:28,469 [Exec Stream Pumper] INFO  c.g.e.m.p.f.lib.DefaultYarnRunner - [2/4] Fetching packages...
2017-07-04 14:26:37,408 [Worker-4] INFO  o.e.m.c.i.l.LifecycleMappingFactory - Using org.eclipse.m2e.jdt.JarLifecycleMapping lifecycle mapping for MavenProject: com.pugnascotia:cra-demo:0.0.1-SNAPSHOT @ C:\Users\Official\Downloads\spring-cra-demo-master\pom.xml.
2017-07-04 14:27:45,779 [Worker-5] INFO  o.e.m.c.i.p.ProjectConfigurationManager - Update started
2017-07-04 14:27:52,048 [Worker-5] INFO  o.e.m.c.i.l.LifecycleMappingFactory - Using org.eclipse.m2e.jdt.JarLifecycleMapping lifecycle mapping for MavenProject: com.pugnascotia:cra-demo:0.0.1-SNAPSHOT @ C:\Users\Official\Downloads\spring-cra-demo-master\pom.xml.
2017-07-04 14:28:05,799 [Worker-5] INFO  c.g.e.m.p.f.lib.NodeInstaller - Node v7.2.0 is already installed.
2017-07-04 14:28:12,800 [Worker-5] INFO  c.g.e.m.p.f.lib.YarnInstaller - Yarn 0.18.0 is already installed.
2017-07-04 14:28:15,004 [Worker-5] INFO  o.e.m.j.i.AbstractJavaProjectConfigurator - Adding source folder /cra-demo/src/main/java
2017-07-04 14:28:15,004 [Worker-5] INFO  o.e.m.j.i.AbstractJavaProjectConfigurator - Adding resource folder /cra-demo/src/main/resources
2017-07-04 14:28:15,019 [Worker-5] INFO  o.e.m.j.i.AbstractJavaProjectConfigurator - Adding resource folder /cra-demo/src/main/resources
2017-07-04 14:28:15,019 [Worker-5] INFO  o.e.m.j.i.AbstractJavaProjectConfigurator - Adding source folder /cra-demo/src/test/java
2017-07-04 14:28:16,410 [Worker-5] INFO  o.e.m.c.i.p.ProjectConfigurationManager - Update completed: 30 sec
2017-07-04 14:28:27,331 [Worker-4] INFO  c.g.e.m.p.f.lib.NodeInstaller - Node v7.2.0 is already installed.
2017-07-04 14:28:27,977 [Worker-4] INFO  c.g.e.m.p.f.lib.YarnInstaller - Yarn 0.18.0 is already installed.
2017-07-04 14:28:27,977 [Worker-4] INFO  c.g.e.m.p.f.lib.DefaultYarnRunner - Running 'yarn install' in C:\Users\Official\Downloads\spring-cra-demo-master\src\main\app
2017-07-04 14:28:28,774 [Exec Stream Pumper] INFO  c.g.e.m.p.f.lib.DefaultYarnRunner - yarn install v0.18.0
2017-07-04 14:28:29,665 [Exec Stream Pumper] INFO  c.g.e.m.p.f.lib.DefaultYarnRunner - [1/4] Resolving packages...
2017-07-04 14:28:30,340 [Exec Stream Pumper] INFO  c.g.e.m.p.f.lib.DefaultYarnRunner - [2/4] Fetching packages...
2017-07-04 14:31:02,176 [Exec Stream Pumper] ERROR c.g.e.m.p.f.lib.DefaultYarnRunner - warning fsevents@1.0.14: The platform "win32" is incompatible with this module.
2017-07-04 14:31:02,176 [Exec Stream Pumper] INFO  c.g.e.m.p.f.lib.DefaultYarnRunner - info "fsevents@1.0.14" is an optional dependency and failed compatibility check. Excluding it from installation.
2017-07-04 14:31:02,270 [Exec Stream Pumper] INFO  c.g.e.m.p.f.lib.DefaultYarnRunner - [3/4] Linking dependencies...
2017-07-04 14:35:10,001 [Exec Stream Pumper] INFO  c.g.e.m.p.f.lib.DefaultYarnRunner - [4/4] Building fresh packages...
2017-07-04 14:35:10,579 [Exec Stream Pumper] INFO  c.g.e.m.p.f.lib.DefaultYarnRunner - Done in 401.91s.
2017-07-04 14:35:17,842 [Worker-4] INFO  o.e.m.c.i.embedder.EclipseLogger - Using 'UTF-8' encoding to copy filtered resources.
2017-07-04 14:35:17,916 [Worker-4] INFO  o.e.m.c.i.embedder.EclipseLogger - Copying 1 resource
2017-07-04 14:35:18,010 [Worker-4] INFO  o.e.m.c.i.embedder.EclipseLogger - Copying 0 resource
2017-07-04 14:35:18,026 [Worker-4] INFO  o.e.m.c.i.embedder.EclipseLogger - Using 'UTF-8' encoding to copy filtered resources.
2017-07-04 14:35:18,026 [Worker-4] INFO  o.e.m.c.i.embedder.EclipseLogger - skip non existing resourceDirectory C:\Users\Official\Downloads\spring-cra-demo-master\src\test\resources
2017-07-04 14:35:21,089 [Worker-4] INFO  c.g.e.m.p.f.lib.DefaultYarnRunner - Running 'yarn run build' in C:\Users\Official\Downloads\spring-cra-demo-master\src\main\app
2017-07-04 14:35:24,060 [Exec Stream Pumper] INFO  c.g.e.m.p.f.lib.DefaultYarnRunner - yarn run v0.18.0
2017-07-04 14:35:25,591 [Exec Stream Pumper] INFO  c.g.e.m.p.f.lib.DefaultYarnRunner - $ react-scripts build 
2017-07-04 14:35:27,288 [Exec Stream Pumper] INFO  c.g.e.m.p.f.lib.DefaultYarnRunner - Creating an optimized production build...
2017-07-04 14:35:44,199 [Exec Stream Pumper] INFO  c.g.e.m.p.f.lib.DefaultYarnRunner - Failed to compile.
2017-07-04 14:35:44,215 [Exec Stream Pumper] INFO  c.g.e.m.p.f.lib.DefaultYarnRunner - 
2017-07-04 14:35:44,215 [Exec Stream Pumper] INFO  c.g.e.m.p.f.lib.DefaultYarnRunner -   TypeError: Cannot read property 'integrity' of undefined
2017-07-04 14:35:44,215 [Exec Stream Pumper] INFO  c.g.e.m.p.f.lib.DefaultYarnRunner -   
2017-07-04 14:35:44,215 [Exec Stream Pumper] INFO  c.g.e.m.p.f.lib.DefaultYarnRunner -   - index.js:328 assetIntegrity
2017-07-04 14:35:44,215 [Exec Stream Pumper] INFO  c.g.e.m.p.f.lib.DefaultYarnRunner -     [app]/[webpack-subresource-integrity]/index.js:328:45
2017-07-04 14:35:44,230 [Exec Stream Pumper] INFO  c.g.e.m.p.f.lib.DefaultYarnRunner -   
2017-07-04 14:35:44,230 [Exec Stream Pumper] INFO  c.g.e.m.p.f.lib.DefaultYarnRunner -   - Array.map
2017-07-04 14:35:44,230 [Exec Stream Pumper] INFO  c.g.e.m.p.f.lib.DefaultYarnRunner -   
2017-07-04 14:35:44,230 [Exec Stream Pumper] INFO  c.g.e.m.p.f.lib.DefaultYarnRunner -   - index.js:326 addIntegrity
2017-07-04 14:35:44,230 [Exec Stream Pumper] INFO  c.g.e.m.p.f.lib.DefaultYarnRunner -     [app]/[webpack-subresource-integrity]/index.js:326:41
2017-07-04 14:35:44,230 [Exec Stream Pumper] INFO  c.g.e.m.p.f.lib.DefaultYarnRunner -   
2017-07-04 14:35:44,230 [Exec Stream Pumper] INFO  c.g.e.m.p.f.lib.DefaultYarnRunner -   - Array.forEach
2017-07-04 14:35:44,230 [Exec Stream Pumper] INFO  c.g.e.m.p.f.lib.DefaultYarnRunner -   
2017-07-04 14:35:44,230 [Exec Stream Pumper] INFO  c.g.e.m.p.f.lib.DefaultYarnRunner -   - index.js:324 Compilation.beforeHtmlGeneration
2017-07-04 14:35:44,230 [Exec Stream Pumper] INFO  c.g.e.m.p.f.lib.DefaultYarnRunner -     [app]/[webpack-subresource-integrity]/index.js:324:23
2017-07-04 14:35:44,230 [Exec Stream Pumper] INFO  c.g.e.m.p.f.lib.DefaultYarnRunner -   
2017-07-04 14:35:44,230 [Exec Stream Pumper] INFO  c.g.e.m.p.f.lib.DefaultYarnRunner -   - Tapable.js:86 Compilation.applyPluginsAsyncWaterfall
2017-07-04 14:35:44,246 [Exec Stream Pumper] INFO  c.g.e.m.p.f.lib.DefaultYarnRunner -     [app]/[tapable]/lib/Tapable.js:86:13
2017-07-04 14:35:44,246 [Exec Stream Pumper] INFO  c.g.e.m.p.f.lib.DefaultYarnRunner -   
2017-07-04 14:35:44,246 [Exec Stream Pumper] INFO  c.g.e.m.p.f.lib.DefaultYarnRunner -   - util.js:16 Compilation.tryCatcher
2017-07-04 14:35:44,246 [Exec Stream Pumper] INFO  c.g.e.m.p.f.lib.DefaultYarnRunner -     [app]/[bluebird]/js/release/util.js:16:23
2017-07-04 14:35:44,246 [Exec Stream Pumper] INFO  c.g.e.m.p.f.lib.DefaultYarnRunner -   
2017-07-04 14:35:44,246 [Exec Stream Pumper] INFO  c.g.e.m.p.f.lib.DefaultYarnRunner -   
2017-07-04 14:35:44,246 [Exec Stream Pumper] INFO  c.g.e.m.p.f.lib.DefaultYarnRunner -   - index.js:627 
2017-07-04 14:35:44,246 [Exec Stream Pumper] INFO  c.g.e.m.p.f.lib.DefaultYarnRunner -     [app]/[html-webpack-plugin]/index.js:627:12
2017-07-04 14:35:44,246 [Exec Stream Pumper] INFO  c.g.e.m.p.f.lib.DefaultYarnRunner -   
2017-07-04 14:35:44,246 [Exec Stream Pumper] INFO  c.g.e.m.p.f.lib.DefaultYarnRunner -   - index.js:120 
2017-07-04 14:35:44,246 [Exec Stream Pumper] INFO  c.g.e.m.p.f.lib.DefaultYarnRunner -     [app]/[html-webpack-plugin]/index.js:120:16
2017-07-04 14:35:44,246 [Exec Stream Pumper] INFO  c.g.e.m.p.f.lib.DefaultYarnRunner -   
2017-07-04 14:35:44,246 [Exec Stream Pumper] INFO  c.g.e.m.p.f.lib.DefaultYarnRunner -   - util.js:16 tryCatcher
2017-07-04 14:35:44,246 [Exec Stream Pumper] INFO  c.g.e.m.p.f.lib.DefaultYarnRunner -     [app]/[bluebird]/js/release/util.js:16:23
2017-07-04 14:35:44,246 [Exec Stream Pumper] INFO  c.g.e.m.p.f.lib.DefaultYarnRunner -   
2017-07-04 14:35:44,246 [Exec Stream Pumper] INFO  c.g.e.m.p.f.lib.DefaultYarnRunner -   - promise.js:510 Promise._settlePromiseFromHandler
2017-07-04 14:35:44,246 [Exec Stream Pumper] INFO  c.g.e.m.p.f.lib.DefaultYarnRunner -     [app]/[bluebird]/js/release/promise.js:510:31
2017-07-04 14:35:44,246 [Exec Stream Pumper] INFO  c.g.e.m.p.f.lib.DefaultYarnRunner -   
2017-07-04 14:35:44,246 [Exec Stream Pumper] INFO  c.g.e.m.p.f.lib.DefaultYarnRunner -   - promise.js:567 Promise._settlePromise
2017-07-04 14:35:44,246 [Exec Stream Pumper] INFO  c.g.e.m.p.f.lib.DefaultYarnRunner -     [app]/[bluebird]/js/release/promise.js:567:18
2017-07-04 14:35:44,246 [Exec Stream Pumper] INFO  c.g.e.m.p.f.lib.DefaultYarnRunner -   
2017-07-04 14:35:44,246 [Exec Stream Pumper] INFO  c.g.e.m.p.f.lib.DefaultYarnRunner -   - promise.js:612 Promise._settlePromise0
2017-07-04 14:35:44,246 [Exec Stream Pumper] INFO  c.g.e.m.p.f.lib.DefaultYarnRunner -     [app]/[bluebird]/js/release/promise.js:612:10
2017-07-04 14:35:44,246 [Exec Stream Pumper] INFO  c.g.e.m.p.f.lib.DefaultYarnRunner -   
2017-07-04 14:35:44,246 [Exec Stream Pumper] INFO  c.g.e.m.p.f.lib.DefaultYarnRunner -   - promise.js:691 Promise._settlePromises
2017-07-04 14:35:44,246 [Exec Stream Pumper] INFO  c.g.e.m.p.f.lib.DefaultYarnRunner -     [app]/[bluebird]/js/release/promise.js:691:18
2017-07-04 14:35:44,246 [Exec Stream Pumper] INFO  c.g.e.m.p.f.lib.DefaultYarnRunner -   
2017-07-04 14:35:44,246 [Exec Stream Pumper] INFO  c.g.e.m.p.f.lib.DefaultYarnRunner -   - async.js:138 Async._drainQueue
2017-07-04 14:35:44,246 [Exec Stream Pumper] INFO  c.g.e.m.p.f.lib.DefaultYarnRunner -     [app]/[bluebird]/js/release/async.js:138:16
2017-07-04 14:35:44,246 [Exec Stream Pumper] INFO  c.g.e.m.p.f.lib.DefaultYarnRunner -   
2017-07-04 14:35:44,246 [Exec Stream Pumper] INFO  c.g.e.m.p.f.lib.DefaultYarnRunner - 
2017-07-04 14:35:44,246 [Exec Stream Pumper] INFO  c.g.e.m.p.f.lib.DefaultYarnRunner - 
2017-07-04 14:35:44,277 [Exec Stream Pumper] ERROR c.g.e.m.p.f.lib.DefaultYarnRunner - error Command failed with exit code 1.
2017-07-04 14:35:44,277 [Exec Stream Pumper] INFO  c.g.e.m.p.f.lib.DefaultYarnRunner - info Visit https://yarnpkg.com/en/docs/cli/run for documentation about this command.
2017-07-04 14:35:44,293 [Worker-4] INFO  o.e.m.c.i.embedder.EclipseLogger - Using 'UTF-8' encoding to copy filtered resources.
2017-07-04 14:35:44,293 [Worker-4] INFO  o.e.m.c.i.embedder.EclipseLogger - Copying 0 resource
2017-07-04 14:37:03,801 [Worker-4] INFO  o.e.m.i.launch.MavenLaunchDelegate - C:\Users\Official\Downloads\spring-cra-demo-master
2017-07-04 14:37:03,802 [Worker-4] INFO  o.e.m.i.launch.MavenLaunchDelegate -  mvn -B -Dmaven.test.skip=true -DskipTests clean compile
2017-07-04 14:38:14,178 [Worker-4] INFO  o.e.m.i.launch.MavenLaunchDelegate - C:\Users\Official\Downloads\spring-cra-demo-master
2017-07-04 14:38:14,178 [Worker-4] INFO  o.e.m.i.launch.MavenLaunchDelegate -  mvn -B -Dmaven.test.skip=true -DskipTests clean compile
2017-07-04 14:51:43,506 [Worker-19] INFO  o.e.m.c.i.embedder.EclipseLogger - Skipping yarn install as package.json unchanged
2017-07-04 14:51:43,521 [Worker-19] INFO  o.e.m.c.i.embedder.EclipseLogger - Using 'UTF-8' encoding to copy filtered resources.
2017-07-04 14:51:43,521 [Worker-19] INFO  o.e.m.c.i.embedder.EclipseLogger - Copying 1 resource
2017-07-04 14:51:43,521 [Worker-19] INFO  o.e.m.c.i.embedder.EclipseLogger - Copying 0 resource
2017-07-04 14:51:43,521 [Worker-19] INFO  o.e.m.c.i.embedder.EclipseLogger - Using 'UTF-8' encoding to copy filtered resources.
2017-07-04 14:51:43,521 [Worker-19] INFO  o.e.m.c.i.embedder.EclipseLogger - skip non existing resourceDirectory C:\Users\Official\Downloads\spring-cra-demo-master\src\test\resources
2017-07-04 14:51:43,631 [Worker-19] INFO  o.e.m.c.i.embedder.EclipseLogger - Skipping yarn install as package.json unchanged
2017-07-04 14:51:43,631 [Worker-19] INFO  o.e.m.c.i.embedder.EclipseLogger - Using 'UTF-8' encoding to copy filtered resources.
2017-07-04 14:51:43,631 [Worker-19] INFO  o.e.m.c.i.embedder.EclipseLogger - Copying 8 resources
2017-07-04 14:54:16,423 [Worker-17] INFO  o.e.m.i.launch.MavenLaunchDelegate - C:\Users\Official\Downloads\spring-cra-demo-master
2017-07-04 14:54:16,439 [Worker-17] INFO  o.e.m.i.launch.MavenLaunchDelegate -  mvn -B -Dmaven.test.skip=true -DskipTests clean compile
2017-07-04 14:54:29,854 [Worker-23] INFO  o.e.m.c.i.embedder.EclipseLogger - Skipping yarn install as package.json unchanged
2017-07-04 14:54:29,870 [Worker-23] INFO  o.e.m.c.i.embedder.EclipseLogger - Using 'UTF-8' encoding to copy filtered resources.
2017-07-04 14:54:29,870 [Worker-23] INFO  o.e.m.c.i.embedder.EclipseLogger - Copying 1 resource
2017-07-04 14:54:29,870 [Worker-23] INFO  o.e.m.c.i.embedder.EclipseLogger - Copying 0 resource
2017-07-04 14:54:29,870 [Worker-23] INFO  o.e.m.c.i.embedder.EclipseLogger - Using 'UTF-8' encoding to copy filtered resources.
2017-07-04 14:54:29,870 [Worker-23] INFO  o.e.m.c.i.embedder.EclipseLogger - skip non existing resourceDirectory C:\Users\Official\Downloads\spring-cra-demo-master\src\test\resources
2017-07-04 14:54:29,870 [Worker-23] INFO  o.e.m.c.i.embedder.EclipseLogger - Skipping yarn install as package.json unchanged
2017-07-04 14:54:29,870 [Worker-23] INFO  o.e.m.c.i.embedder.EclipseLogger - Using 'UTF-8' encoding to copy filtered resources.
2017-07-04 14:54:29,886 [Worker-23] INFO  o.e.m.c.i.embedder.EclipseLogger - Copying 8 resources
2017-07-04 15:01:32,087 [Worker-19] INFO  o.e.m.i.launch.MavenLaunchDelegate - C:\Users\Official\Downloads\spring-cra-demo-master
2017-07-04 15:01:32,087 [Worker-19] INFO  o.e.m.i.launch.MavenLaunchDelegate -  mvn -B -Dmaven.test.skip=true -DskipTests clean package
2017-07-04 15:03:57,120 [Worker-23] ERROR o.e.m.c.i.p.r.ProjectRegistryRefreshJob - Resource '/cra-demo/pom.xml' does not exist.
org.eclipse.core.internal.resources.ResourceException: Resource '/cra-demo/pom.xml' does not exist.
	at org.eclipse.core.internal.resources.Resource.checkExists(Resource.java:335) ~[na:na]
	at org.eclipse.core.internal.resources.Resource.checkAccessible(Resource.java:209) ~[na:na]
	at org.eclipse.core.internal.resources.Resource.deleteMarkers(Resource.java:823) ~[na:na]
	at org.eclipse.m2e.core.internal.markers.MavenMarkerManager.deleteMarkers(MavenMarkerManager.java:229) ~[na:na]
	at org.eclipse.m2e.core.internal.markers.MavenMarkerManager.deleteMarkers(MavenMarkerManager.java:223) ~[na:na]
	at org.eclipse.m2e.core.internal.project.registry.ProjectRegistryManager.readMavenProjectFacade(ProjectRegistryManager.java:694) ~[na:na]
	at org.eclipse.m2e.core.internal.project.registry.ProjectRegistryManager.refresh(ProjectRegistryManager.java:398) ~[na:na]
	at org.eclipse.m2e.core.internal.project.registry.ProjectRegistryManager.refresh(ProjectRegistryManager.java:351) ~[na:na]
	at org.eclipse.m2e.core.internal.project.registry.ProjectRegistryRefreshJob$1$1.call(ProjectRegistryRefreshJob.java:89) ~[na:na]
	at org.eclipse.m2e.core.internal.project.registry.ProjectRegistryRefreshJob$1$1.call(ProjectRegistryRefreshJob.java:1) ~[na:na]
	at org.eclipse.m2e.core.internal.embedder.MavenExecutionContext.executeBare(MavenExecutionContext.java:176) ~[na:na]
	at org.eclipse.m2e.core.internal.embedder.MavenExecutionContext.execute(MavenExecutionContext.java:151) ~[na:na]
	at org.eclipse.m2e.core.internal.embedder.MavenExecutionContext.execute(MavenExecutionContext.java:99) ~[na:na]
	at org.eclipse.m2e.core.internal.embedder.MavenImpl.execute(MavenImpl.java:1351) ~[na:na]
	at org.eclipse.m2e.core.internal.project.registry.ProjectRegistryRefreshJob$1.call(ProjectRegistryRefreshJob.java:87) ~[na:na]
	at org.eclipse.m2e.core.internal.project.registry.ProjectRegistryRefreshJob$1.call(ProjectRegistryRefreshJob.java:1) ~[na:na]
	at org.eclipse.m2e.core.internal.embedder.MavenExecutionContext.executeBare(MavenExecutionContext.java:176) ~[na:na]
	at org.eclipse.m2e.core.internal.embedder.MavenExecutionContext.execute(MavenExecutionContext.java:151) ~[na:na]
	at org.eclipse.m2e.core.internal.embedder.MavenExecutionContext.execute(MavenExecutionContext.java:99) ~[na:na]
	at org.eclipse.m2e.core.internal.embedder.MavenImpl.execute(MavenImpl.java:1355) ~[na:na]
	at org.eclipse.m2e.core.internal.project.registry.ProjectRegistryRefreshJob.run(ProjectRegistryRefreshJob.java:81) ~[na:na]
	at org.eclipse.core.internal.jobs.Worker.run(Worker.java:55) [org.eclipse.core.jobs_3.8.0.v20160509-0411.jar:na]
2017-07-04 15:11:41,005 [Worker-33] INFO  o.e.m.c.i.l.LifecycleMappingFactory - Using org.eclipse.m2e.jdt.JarLifecycleMapping lifecycle mapping for MavenProject: com.pugnascotia:cra-demo:0.0.1-SNAPSHOT @ C:\Users\Official\Downloads\spring-cra-demo-master\pom.xml.
2017-07-04 15:11:45,101 [Worker-33] INFO  o.e.m.j.i.AbstractJavaProjectConfigurator - Adding source folder /cra-demo/src/main/java
2017-07-04 15:11:45,101 [Worker-33] INFO  o.e.m.j.i.AbstractJavaProjectConfigurator - Adding resource folder /cra-demo/src/main/resources
2017-07-04 15:11:45,148 [Worker-33] INFO  o.e.m.j.i.AbstractJavaProjectConfigurator - Adding resource folder /cra-demo/src/main/resources
2017-07-04 15:11:45,195 [Worker-33] INFO  o.e.m.j.i.AbstractJavaProjectConfigurator - Adding source folder /cra-demo/src/test/java
2017-07-04 15:11:45,728 [Worker-33] INFO  o.e.m.c.i.p.ProjectConfigurationManager - Imported and configured 1 project(s) in 6 sec
2017-07-04 15:11:49,046 [Worker-32] INFO  o.e.m.i.discovery.MavenDiscovery - No lifecyle mapping found at jar:file:/C:/Users/Official/AppData/Local/Temp/RemoteBundleDiscoveryStrategy3062075512528727241.tmp/org.eclipse.m2e.discovery.oss_catalog_1.6.jar_7150786756591849669.jar!/lifecycle%2Forg.eclipse.m2e.discovery.lifecyclemapping.m2e-egit.xml
2017-07-04 15:11:49,046 [Worker-32] WARN  o.e.m.i.discovery.MavenDiscovery - CatalogItem org.eclipse.m2e.discovery.lifecyclemapping.m2e-egit does not contain lifecycle mapping metadata
2017-07-04 15:11:49,061 [Worker-32] INFO  o.e.m.i.discovery.MavenDiscovery - No lifecyle mapping found at jar:file:/C:/Users/Official/AppData/Local/Temp/RemoteBundleDiscoveryStrategy3062075512528727241.tmp/org.eclipse.m2e.discovery.oss_catalog_1.6.jar_7150786756591849669.jar!/lifecycle%2Forg.eclipse.m2e.discovery.lifecyclemapping.m2e-subversive.xml
2017-07-04 15:11:49,061 [Worker-32] WARN  o.e.m.i.discovery.MavenDiscovery - CatalogItem org.eclipse.m2e.discovery.lifecyclemapping.m2e-subversive does not contain lifecycle mapping metadata
2017-07-04 15:13:26,699 [Worker-33] INFO  o.e.m.i.launch.MavenLaunchDelegate - C:\Users\Official\Downloads\spring-cra-demo-master
2017-07-04 15:13:26,699 [Worker-33] INFO  o.e.m.i.launch.MavenLaunchDelegate -  mvn -B -Dmaven.test.skip=true -DskipTests clean package
2017-07-04 15:23:45,233 [Worker-40] INFO  o.e.m.i.launch.MavenLaunchDelegate - C:\Users\Official\Downloads\spring-cra-demo-master
2017-07-04 15:23:45,233 [Worker-40] INFO  o.e.m.i.launch.MavenLaunchDelegate -  mvn -B -Dmaven.test.skip=true -DskipTests clean package
2017-07-04 15:38:37,821 [Worker-47] INFO  o.e.m.i.launch.MavenLaunchDelegate - C:\Users\Official\Downloads\spring-cra-demo-master
2017-07-04 15:38:37,821 [Worker-47] INFO  o.e.m.i.launch.MavenLaunchDelegate -  mvn -B -Dmaven.test.skip=true -DskipTests clean package
2017-07-04 15:41:14,441 [Worker-47] INFO  o.e.m.i.launch.MavenLaunchDelegate - C:\Users\Official\Downloads\spring-cra-demo-master
2017-07-04 15:41:14,441 [Worker-47] INFO  o.e.m.i.launch.MavenLaunchDelegate -  mvn -B -Dmaven.test.skip=true -DskipTests clean package
2017-07-04 15:42:39,371 [Worker-50] INFO  o.e.m.c.i.l.LifecycleMappingFactory - Using org.eclipse.m2e.jdt.JarLifecycleMapping lifecycle mapping for MavenProject: com.pugnascotia:cra-demo:0.0.1-SNAPSHOT @ C:\Users\Official\Downloads\spring-cra-demo-master\pom.xml.
2017-07-04 15:42:43,093 [Worker-50] INFO  o.e.m.c.i.embedder.EclipseLogger - Using 'UTF-8' encoding to copy filtered resources.
2017-07-04 15:42:43,093 [Worker-50] INFO  o.e.m.c.i.embedder.EclipseLogger - Copying 1 resource
2017-07-04 15:42:43,155 [Worker-50] INFO  o.e.m.c.i.embedder.EclipseLogger - Copying 0 resource
2017-07-04 15:42:43,171 [Worker-50] INFO  o.e.m.c.i.embedder.EclipseLogger - Using 'UTF-8' encoding to copy filtered resources.
2017-07-04 15:42:43,171 [Worker-50] INFO  o.e.m.c.i.embedder.EclipseLogger - skip non existing resourceDirectory C:\Users\Official\Downloads\spring-cra-demo-master\src\test\resources
2017-07-04 15:42:43,249 [Worker-50] INFO  o.e.m.c.i.embedder.EclipseLogger - Using 'UTF-8' encoding to copy filtered resources.
2017-07-04 15:42:43,249 [Worker-50] INFO  o.e.m.c.i.embedder.EclipseLogger - Copying 0 resource
2017-07-04 15:45:34,168 [Worker-50] INFO  o.e.m.i.launch.MavenLaunchDelegate - C:\Users\Official\Downloads\spring-cra-demo-master
2017-07-04 15:45:34,168 [Worker-50] INFO  o.e.m.i.launch.MavenLaunchDelegate -  mvn -B -Dmaven.test.skip=true -DskipTests clean package
2017-07-04 15:52:40,682 [Worker-55] ERROR o.e.m.c.i.p.r.ProjectRegistryRefreshJob - Resource '/cra-demo/pom.xml' does not exist.
org.eclipse.core.internal.resources.ResourceException: Resource '/cra-demo/pom.xml' does not exist.
	at org.eclipse.core.internal.resources.Resource.checkExists(Resource.java:335) ~[na:na]
	at org.eclipse.core.internal.resources.Resource.checkAccessible(Resource.java:209) ~[na:na]
	at org.eclipse.core.internal.resources.Resource.deleteMarkers(Resource.java:823) ~[na:na]
	at org.eclipse.m2e.core.internal.markers.MavenMarkerManager.deleteMarkers(MavenMarkerManager.java:229) ~[na:na]
	at org.eclipse.m2e.core.internal.markers.MavenMarkerManager.deleteMarkers(MavenMarkerManager.java:223) ~[na:na]
	at org.eclipse.m2e.core.internal.project.registry.ProjectRegistryManager.readMavenProjectFacade(ProjectRegistryManager.java:694) ~[na:na]
	at org.eclipse.m2e.core.internal.project.registry.ProjectRegistryManager.refresh(ProjectRegistryManager.java:398) ~[na:na]
	at org.eclipse.m2e.core.internal.project.registry.ProjectRegistryManager.refresh(ProjectRegistryManager.java:351) ~[na:na]
	at org.eclipse.m2e.core.internal.project.registry.ProjectRegistryRefreshJob$1$1.call(ProjectRegistryRefreshJob.java:89) ~[na:na]
	at org.eclipse.m2e.core.internal.project.registry.ProjectRegistryRefreshJob$1$1.call(ProjectRegistryRefreshJob.java:1) ~[na:na]
	at org.eclipse.m2e.core.internal.embedder.MavenExecutionContext.executeBare(MavenExecutionContext.java:176) ~[na:na]
	at org.eclipse.m2e.core.internal.embedder.MavenExecutionContext.execute(MavenExecutionContext.java:151) ~[na:na]
	at org.eclipse.m2e.core.internal.embedder.MavenExecutionContext.execute(MavenExecutionContext.java:99) ~[na:na]
	at org.eclipse.m2e.core.internal.embedder.MavenImpl.execute(MavenImpl.java:1351) ~[na:na]
	at org.eclipse.m2e.core.internal.project.registry.ProjectRegistryRefreshJob$1.call(ProjectRegistryRefreshJob.java:87) ~[na:na]
	at org.eclipse.m2e.core.internal.project.registry.ProjectRegistryRefreshJob$1.call(ProjectRegistryRefreshJob.java:1) ~[na:na]
	at org.eclipse.m2e.core.internal.embedder.MavenExecutionContext.executeBare(MavenExecutionContext.java:176) ~[na:na]
	at org.eclipse.m2e.core.internal.embedder.MavenExecutionContext.execute(MavenExecutionContext.java:151) ~[na:na]
	at org.eclipse.m2e.core.internal.embedder.MavenExecutionContext.execute(MavenExecutionContext.java:99) ~[na:na]
	at org.eclipse.m2e.core.internal.embedder.MavenImpl.execute(MavenImpl.java:1355) ~[na:na]
	at org.eclipse.m2e.core.internal.project.registry.ProjectRegistryRefreshJob.run(ProjectRegistryRefreshJob.java:81) ~[na:na]
	at org.eclipse.core.internal.jobs.Worker.run(Worker.java:55) [org.eclipse.core.jobs_3.8.0.v20160509-0411.jar:na]
